[21/Apr/2026:20:36:17 +0800] 0:0:0:0:0:0:0:1 "OPTIONS /user/login HTTP/1.1" 200 68
[21/Apr/2026:20:36:17 +0800] 0:0:0:0:0:0:0:1 "POST /user/login HTTP/1.1" 200 181
[21/Apr/2026:20:36:18 +0800] 0:0:0:0:0:0:0:1 "GET /ws HTTP/1.1" 101 53
[21/Apr/2026:20:36:18 +0800] 0:0:0:0:0:0:0:1 "OPTIONS /consultants?_t=1776774977971 HTTP/1.1" 200 8
[21/Apr/2026:20:36:18 +0800] 0:0:0:0:0:0:0:1 "OPTIONS /shift-config/type-options?_t=1776774977971 HTTP/1.1" 200 5
[21/Apr/2026:20:36:18 +0800] 0:0:0:0:0:0:0:1 "OPTIONS /shift-config/type-options?_t=1776774977971 HTTP/1.1" 200 2
[21/Apr/2026:20:36:18 +0800] 0:0:0:0:0:0:0:1 "OPTIONS /shift-config/all?_t=1776774977971 HTTP/1.1" 200 2
[21/Apr/2026:20:36:18 +0800] 0:0:0:0:0:0:0:1 "OPTIONS /consultants?_t=1776774977971 HTTP/1.1" 200 8
[21/Apr/2026:20:36:18 +0800] 0:0:0:0:0:0:0:1 "OPTIONS /shift-config/all?_t=1776774977971 HTTP/1.1" 200 11
[21/Apr/2026:20:36:18 +0800] 0:0:0:0:0:0:0:1 "OPTIONS /complement?_t=1776774977971 HTTP/1.1" 200 15
[21/Apr/2026:20:36:18 +0800] 0:0:0:0:0:0:0:1 "GET /shift-config/type-options?_t=1776774977971 HTTP/1.1" 200 41
[21/Apr/2026:20:36:18 +0800] 0:0:0:0:0:0:0:1 "GET /shift-config/type-options?_t=1776774977971 HTTP/1.1" 200 30
[21/Apr/2026:20:36:18 +0800] 0:0:0:0:0:0:0:1 "GET /complement?_t=1776774977971 HTTP/1.1" 200 83
[21/Apr/2026:20:36:18 +0800] 0:0:0:0:0:0:0:1 "GET /consultants?_t=1776774977971 HTTP/1.1" 200 123
[21/Apr/2026:20:36:18 +0800] 0:0:0:0:0:0:0:1 "GET /shift-config/all?_t=1776774977971 HTTP/1.1" 200 130
[21/Apr/2026:20:36:18 +0800] 0:0:0:0:0:0:0:1 "GET /consultants?_t=1776774977971 HTTP/1.1" 200 17
[21/Apr/2026:20:36:18 +0800] 0:0:0:0:0:0:0:1 "GET /shift-config/all?_t=1776774977971 HTTP/1.1" 200 42
[21/Apr/2026:20:37:06 +0800] 0:0:0:0:0:0:0:1 "OPTIONS /updateConsultants?operationType=normal_confirm HTTP/1.1" 200 2
[21/Apr/2026:20:37:06 +0800] 0:0:0:0:0:0:0:1 "POST /updateConsultants?operationType=normal_confirm HTTP/1.1" 200 128
[21/Apr/2026:20:37:07 +0800] 0:0:0:0:0:0:0:1 "OPTIONS /updateConsultants?operationType=single1_add HTTP/1.1" 200 2
[21/Apr/2026:20:37:07 +0800] 0:0:0:0:0:0:0:1 "POST /updateConsultants?operationType=single1_add HTTP/1.1" 200 37
[21/Apr/2026:20:37:08 +0800] 0:0:0:0:0:0:0:1 "OPTIONS /updateConsultants?operationType=single1_confirm HTTP/1.1" 200 2
[21/Apr/2026:20:37:08 +0800] 0:0:0:0:0:0:0:1 "POST /updateConsultants?operationType=single1_confirm HTTP/1.1" 200 34
[21/Apr/2026:20:37:09 +0800] 0:0:0:0:0:0:0:1 "OPTIONS /updateConsultants?operationType=single1_skip HTTP/1.1" 200 3
[21/Apr/2026:20:37:09 +0800] 0:0:0:0:0:0:0:1 "POST /updateConsultants?operationType=single1_skip HTTP/1.1" 200 53
[21/Apr/2026:20:37:09 +0800] 0:0:0:0:0:0:0:1 "OPTIONS /updateConsultants?operationType=single1_restore HTTP/1.1" 200 3
[21/Apr/2026:20:37:09 +0800] 0:0:0:0:0:0:0:1 "POST /updateConsultants?operationType=single1_restore HTTP/1.1" 200 34
[21/Apr/2026:20:37:10 +0800] 0:0:0:0:0:0:0:1 "POST /updateConsultants?operationType=single1_confirm HTTP/1.1" 200 34
[21/Apr/2026:20:37:10 +0800] 0:0:0:0:0:0:0:1 "OPTIONS /updateConsultants?operationType=sem_add HTTP/1.1" 200 2
[21/Apr/2026:20:37:10 +0800] 0:0:0:0:0:0:0:1 "POST /updateConsultants?operationType=sem_add HTTP/1.1" 200 38
[21/Apr/2026:20:37:11 +0800] 0:0:0:0:0:0:0:1 "OPTIONS /updateConsultants?operationType=sem_confirm HTTP/1.1" 200 2
[21/Apr/2026:20:37:11 +0800] 0:0:0:0:0:0:0:1 "POST /updateConsultants?operationType=sem_confirm HTTP/1.1" 200 36
[21/Apr/2026:20:37:20 +0800] 0:0:0:0:0:0:0:1 "OPTIONS /updateConsultants?operationType=updateSingle1Count HTTP/1.1" 200 3
[21/Apr/2026:20:37:20 +0800] 0:0:0:0:0:0:0:1 "POST /updateConsultants?operationType=updateSingle1Count HTTP/1.1" 200 39
[21/Apr/2026:20:37:21 +0800] 0:0:0:0:0:0:0:1 "POST /updateConsultants?operationType=updateSingle1Count HTTP/1.1" 200 44
[21/Apr/2026:20:37:26 +0800] 0:0:0:0:0:0:0:1 "POST /updateConsultants?operationType=single1_add HTTP/1.1" 200 32
[21/Apr/2026:20:37:28 +0800] 0:0:0:0:0:0:0:1 "POST /updateConsultants?operationType=single1_confirm HTTP/1.1" 200 38
[21/Apr/2026:20:37:29 +0800] 0:0:0:0:0:0:0:1 "POST /updateConsultants?operationType=single1_add HTTP/1.1" 200 31
[21/Apr/2026:20:37:29 +0800] 0:0:0:0:0:0:0:1 "POST /updateConsultants?operationType=single1_confirm HTTP/1.1" 200 34
[21/Apr/2026:20:37:29 +0800] 0:0:0:0:0:0:0:1 "POST /updateConsultants?operationType=single1_skip HTTP/1.1" 200 34
[21/Apr/2026:20:37:30 +0800] 0:0:0:0:0:0:0:1 "POST /updateConsultants?operationType=single1_restore HTTP/1.1" 200 50
[21/Apr/2026:20:37:30 +0800] 0:0:0:0:0:0:0:1 "POST /updateConsultants?operationType=single1_confirm HTTP/1.1" 200 32
[21/Apr/2026:20:37:31 +0800] 0:0:0:0:0:0:0:1 "POST /updateConsultants?operationType=single1_add HTTP/1.1" 200 35
[21/Apr/2026:20:37:31 +0800] 0:0:0:0:0:0:0:1 "POST /updateConsultants?operationType=single1_confirm HTTP/1.1" 200 31
[21/Apr/2026:20:37:35 +0800] 0:0:0:0:0:0:0:1 "OPTIONS /updateConsultants?operationType=normal_add HTTP/1.1" 200 3
[21/Apr/2026:20:37:35 +0800] 0:0:0:0:0:0:0:1 "POST /updateConsultants?operationType=normal_add HTTP/1.1" 200 32
[21/Apr/2026:20:37:40 +0800] 0:0:0:0:0:0:0:1 "POST /updateConsultants?operationType=normal_confirm HTTP/1.1" 200 34
[21/Apr/2026:20:37:45 +0800] 0:0:0:0:0:0:0:1 "POST /updateConsultants?operationType=normal_add HTTP/1.1" 200 31
[21/Apr/2026:20:37:46 +0800] 0:0:0:0:0:0:0:1 "POST /updateConsultants?operationType=normal_confirm HTTP/1.1" 200 33
[21/Apr/2026:20:37:47 +0800] 0:0:0:0:0:0:0:1 "POST /updateConsultants?operationType=sem_add HTTP/1.1" 200 34
[21/Apr/2026:20:37:49 +0800] 0:0:0:0:0:0:0:1 "POST /updateConsultants?operationType=sem_add HTTP/1.1" 200 27
[21/Apr/2026:20:37:49 +0800] 0:0:0:0:0:0:0:1 "OPTIONS /updateConsultants?operationType=sem_skip HTTP/1.1" 200 2
[21/Apr/2026:20:37:49 +0800] 0:0:0:0:0:0:0:1 "POST /updateConsultants?operationType=sem_skip HTTP/1.1" 200 33
[21/Apr/2026:20:37:50 +0800] 0:0:0:0:0:0:0:1 "OPTIONS /updateConsultants?operationType=sem_restore HTTP/1.1" 200 2
[21/Apr/2026:20:37:50 +0800] 0:0:0:0:0:0:0:1 "POST /updateConsultants?operationType=sem_restore HTTP/1.1" 200 29
[21/Apr/2026:20:37:51 +0800] 0:0:0:0:0:0:0:1 "POST /updateConsultants?operationType=sem_confirm HTTP/1.1" 200 30
[21/Apr/2026:20:37:51 +0800] 0:0:0:0:0:0:0:1 "POST /updateConsultants?operationType=sem_add HTTP/1.1" 200 34
[21/Apr/2026:20:37:52 +0800] 0:0:0:0:0:0:0:1 "POST /updateConsultants?operationType=sem_add HTTP/1.1" 200 26
[21/Apr/2026:20:37:54 +0800] 0:0:0:0:0:0:0:1 "POST /updateConsultants?operationType=sem_add HTTP/1.1" 200 25
[21/Apr/2026:20:37:54 +0800] 0:0:0:0:0:0:0:1 "POST /updateConsultants?operationType=sem_add HTTP/1.1" 200 39
[21/Apr/2026:20:37:59 +0800] 0:0:0:0:0:0:0:1 "POST /updateConsultants?operationType=sem_confirm HTTP/1.1" 200 33
[21/Apr/2026:20:40:45 +0800] 0:0:0:0:0:0:0:1 "GET /ws HTTP/1.1" 101 3
[21/Apr/2026:20:40:45 +0800] 0:0:0:0:0:0:0:1 "OPTIONS /consultants?_t=1776775245077 HTTP/1.1" 200 2
[21/Apr/2026:20:40:45 +0800] 0:0:0:0:0:0:0:1 "OPTIONS /shift-config/all?_t=1776775245077 HTTP/1.1" 200 2
[21/Apr/2026:20:40:45 +0800] 0:0:0:0:0:0:0:1 "OPTIONS /consultants?_t=1776775245077 HTTP/1.1" 200 2
[21/Apr/2026:20:40:45 +0800] 0:0:0:0:0:0:0:1 "OPTIONS /shift-config/type-options?_t=1776775245077 HTTP/1.1" 200 2
[21/Apr/2026:20:40:45 +0800] 0:0:0:0:0:0:0:1 "OPTIONS /shift-config/type-options?_t=1776775245077 HTTP/1.1" 200 3
[21/Apr/2026:20:40:45 +0800] 0:0:0:0:0:0:0:1 "OPTIONS /shift-config/all?_t=1776775245077 HTTP/1.1" 200 2
[21/Apr/2026:20:40:45 +0800] 0:0:0:0:0:0:0:1 "OPTIONS /complement?_t=1776775245077 HTTP/1.1" 200 2
[21/Apr/2026:20:40:45 +0800] 0:0:0:0:0:0:0:1 "GET /shift-config/type-options?_t=1776775245077 HTTP/1.1" 200 13
[21/Apr/2026:20:40:45 +0800] 0:0:0:0:0:0:0:1 "GET /consultants?_t=1776775245077 HTTP/1.1" 200 20
[21/Apr/2026:20:40:45 +0800] 0:0:0:0:0:0:0:1 "GET /complement?_t=1776775245077 HTTP/1.1" 200 15
[21/Apr/2026:20:40:45 +0800] 0:0:0:0:0:0:0:1 "GET /shift-config/type-options?_t=1776775245077 HTTP/1.1" 200 6
[21/Apr/2026:20:40:45 +0800] 0:0:0:0:0:0:0:1 "GET /consultants?_t=1776775245077 HTTP/1.1" 200 16
[21/Apr/2026:20:40:45 +0800] 0:0:0:0:0:0:0:1 "GET /shift-config/all?_t=1776775245077 HTTP/1.1" 200 48
[21/Apr/2026:20:40:45 +0800] 0:0:0:0:0:0:0:1 "GET /shift-config/all?_t=1776775245077 HTTP/1.1" 200 26
[21/Apr/2026:20:40:47 +0800] 0:0:0:0:0:0:0:1 "GET /ws HTTP/1.1" 101 2
[21/Apr/2026:20:40:51 +0800] 0:0:0:0:0:0:0:1 "GET /ws HTTP/1.1" 101 2
[21/Apr/2026:20:40:51 +0800] 0:0:0:0:0:0:0:1 "OPTIONS /shift-config/all?_t=1776775251934 HTTP/1.1" 200 2
[21/Apr/2026:20:40:51 +0800] 0:0:0:0:0:0:0:1 "OPTIONS /consultants?_t=1776775251934 HTTP/1.1" 200 3
[21/Apr/2026:20:40:51 +0800] 0:0:0:0:0:0:0:1 "OPTIONS /consultants?_t=1776775251934 HTTP/1.1" 200 2
[21/Apr/2026:20:40:51 +0800] 0:0:0:0:0:0:0:1 "OPTIONS /shift-config/type-options?_t=1776775251934 HTTP/1.1" 200 2
[21/Apr/2026:20:40:51 +0800] 0:0:0:0:0:0:0:1 "OPTIONS /shift-config/type-options?_t=1776775251934 HTTP/1.1" 200 1
[21/Apr/2026:20:40:51 +0800] 0:0:0:0:0:0:0:1 "OPTIONS /shift-config/all?_t=1776775251934 HTTP/1.1" 200 1
[21/Apr/2026:20:40:51 +0800] 0:0:0:0:0:0:0:1 "OPTIONS /complement?_t=1776775251934 HTTP/1.1" 200 0
[21/Apr/2026:20:40:51 +0800] 0:0:0:0:0:0:0:1 "GET /shift-config/type-options?_t=1776775251934 HTTP/1.1" 200 5
[21/Apr/2026:20:40:51 +0800] 0:0:0:0:0:0:0:1 "GET /complement?_t=1776775251934 HTTP/1.1" 200 4
[21/Apr/2026:20:40:51 +0800] 0:0:0:0:0:0:0:1 "GET /consultants?_t=1776775251934 HTTP/1.1" 200 7
[21/Apr/2026:20:40:51 +0800] 0:0:0:0:0:0:0:1 "GET /shift-config/type-options?_t=1776775251934 HTTP/1.1" 200 5
[21/Apr/2026:20:40:51 +0800] 0:0:0:0:0:0:0:1 "GET /consultants?_t=1776775251934 HTTP/1.1" 200 7
[21/Apr/2026:20:40:51 +0800] 0:0:0:0:0:0:0:1 "GET /shift-config/all?_t=1776775251934 HTTP/1.1" 200 39
[21/Apr/2026:20:40:51 +0800] 0:0:0:0:0:0:0:1 "GET /shift-config/all?_t=1776775251934 HTTP/1.1" 200 13
[21/Apr/2026:20:40:53 +0800] 0:0:0:0:0:0:0:1 "GET /ws HTTP/1.1" 101 2
[21/Apr/2026:20:40:57 +0800] 0:0:0:0:0:0:0:1 "GET /ws HTTP/1.1" 101 1
[21/Apr/2026:20:40:57 +0800] 0:0:0:0:0:0:0:1 "OPTIONS /consultants?_t=1776775257890 HTTP/1.1" 200 1
[21/Apr/2026:20:40:57 +0800] 0:0:0:0:0:0:0:1 "OPTIONS /shift-config/all?_t=1776775257890 HTTP/1.1" 200 1
[21/Apr/2026:20:40:57 +0800] 0:0:0:0:0:0:0:1 "OPTIONS /shift-config/type-options?_t=1776775257890 HTTP/1.1" 200 2
[21/Apr/2026:20:40:57 +0800] 0:0:0:0:0:0:0:1 "OPTIONS /consultants?_t=1776775257890 HTTP/1.1" 200 3
[21/Apr/2026:20:40:57 +0800] 0:0:0:0:0:0:0:1 "OPTIONS /shift-config/type-options?_t=1776775257890 HTTP/1.1" 200 2
[21/Apr/2026:20:40:57 +0800] 0:0:0:0:0:0:0:1 "OPTIONS /complement?_t=1776775257890 HTTP/1.1" 200 0
[21/Apr/2026:20:40:57 +0800] 0:0:0:0:0:0:0:1 "GET /shift-config/type-options?_t=1776775257890 HTTP/1.1" 200 5
[21/Apr/2026:20:40:57 +0800] 0:0:0:0:0:0:0:1 "GET /consultants?_t=1776775257890 HTTP/1.1" 200 5
[21/Apr/2026:20:40:57 +0800] 0:0:0:0:0:0:0:1 "GET /complement?_t=1776775257890 HTTP/1.1" 200 5
[21/Apr/2026:20:40:57 +0800] 0:0:0:0:0:0:0:1 "GET /consultants?_t=1776775257890 HTTP/1.1" 200 5
[21/Apr/2026:20:40:57 +0800] 0:0:0:0:0:0:0:1 "GET /shift-config/type-options?_t=1776775257890 HTTP/1.1" 200 5
[21/Apr/2026:20:40:57 +0800] 0:0:0:0:0:0:0:1 "GET /shift-config/all?_t=1776775257890 HTTP/1.1" 200 22
[21/Apr/2026:20:40:57 +0800] 0:0:0:0:0:0:0:1 "GET /shift-config/all?_t=1776775257890 HTTP/1.1" 200 31
[21/Apr/2026:20:40:59 +0800] 0:0:0:0:0:0:0:1 "GET /ws HTTP/1.1" 101 2
[21/Apr/2026:20:41:06 +0800] 0:0:0:0:0:0:0:1 "GET /ws HTTP/1.1" 101 2
[21/Apr/2026:20:41:06 +0800] 0:0:0:0:0:0:0:1 "OPTIONS /consultants?_t=1776775266815 HTTP/1.1" 200 1
[21/Apr/2026:20:41:06 +0800] 0:0:0:0:0:0:0:1 "OPTIONS /shift-config/type-options?_t=1776775266815 HTTP/1.1" 200 0
[21/Apr/2026:20:41:06 +0800] 0:0:0:0:0:0:0:1 "OPTIONS /shift-config/all?_t=1776775266815 HTTP/1.1" 200 0
[21/Apr/2026:20:41:06 +0800] 0:0:0:0:0:0:0:1 "OPTIONS /consultants?_t=1776775266815 HTTP/1.1" 200 1
[21/Apr/2026:20:41:06 +0800] 0:0:0:0:0:0:0:1 "OPTIONS /complement?_t=1776775266815 HTTP/1.1" 200 1
[21/Apr/2026:20:41:06 +0800] 0:0:0:0:0:0:0:1 "GET /shift-config/type-options?_t=1776775266815 HTTP/1.1" 200 4
[21/Apr/2026:20:41:06 +0800] 0:0:0:0:0:0:0:1 "GET /consultants?_t=1776775266815 HTTP/1.1" 200 5
[21/Apr/2026:20:41:06 +0800] 0:0:0:0:0:0:0:1 "GET /complement?_t=1776775266815 HTTP/1.1" 200 5
[21/Apr/2026:20:41:06 +0800] 0:0:0:0:0:0:0:1 "GET /shift-config/type-options?_t=1776775266815 HTTP/1.1" 200 6
[21/Apr/2026:20:41:06 +0800] 0:0:0:0:0:0:0:1 "GET /consultants?_t=1776775266815 HTTP/1.1" 200 6
[21/Apr/2026:20:41:06 +0800] 0:0:0:0:0:0:0:1 "GET /shift-config/all?_t=1776775266815 HTTP/1.1" 200 19
[21/Apr/2026:20:41:06 +0800] 0:0:0:0:0:0:0:1 "GET /shift-config/all?_t=1776775266815 HTTP/1.1" 200 15
[21/Apr/2026:20:41:08 +0800] 0:0:0:0:0:0:0:1 "GET /ws HTTP/1.1" 101 3
[21/Apr/2026:20:41:13 +0800] 0:0:0:0:0:0:0:1 "GET /ws HTTP/1.1" 101 1
[21/Apr/2026:20:41:13 +0800] 0:0:0:0:0:0:0:1 "OPTIONS /consultants?_t=1776775273967 HTTP/1.1" 200 1
[21/Apr/2026:20:41:13 +0800] 0:0:0:0:0:0:0:1 "OPTIONS /shift-config/type-options?_t=1776775273967 HTTP/1.1" 200 1
[21/Apr/2026:20:41:13 +0800] 0:0:0:0:0:0:0:1 "OPTIONS /shift-config/all?_t=1776775273967 HTTP/1.1" 200 1
[21/Apr/2026:20:41:13 +0800] 0:0:0:0:0:0:0:1 "OPTIONS /consultants?_t=1776775273967 HTTP/1.1" 200 1
[21/Apr/2026:20:41:13 +0800] 0:0:0:0:0:0:0:1 "OPTIONS /complement?_t=1776775273967 HTTP/1.1" 200 1
[21/Apr/2026:20:41:13 +0800] 0:0:0:0:0:0:0:1 "GET /shift-config/type-options?_t=1776775273967 HTTP/1.1" 200 3
[21/Apr/2026:20:41:13 +0800] 0:0:0:0:0:0:0:1 "GET /consultants?_t=1776775273967 HTTP/1.1" 200 3
[21/Apr/2026:20:41:13 +0800] 0:0:0:0:0:0:0:1 "GET /complement?_t=1776775273967 HTTP/1.1" 200 4
[21/Apr/2026:20:41:13 +0800] 0:0:0:0:0:0:0:1 "GET /shift-config/type-options?_t=1776775273967 HTTP/1.1" 200 4
[21/Apr/2026:20:41:13 +0800] 0:0:0:0:0:0:0:1 "GET /consultants?_t=1776775273967 HTTP/1.1" 200 4
[21/Apr/2026:20:41:13 +0800] 0:0:0:0:0:0:0:1 "GET /shift-config/all?_t=1776775273967 HTTP/1.1" 200 20
[21/Apr/2026:20:41:14 +0800] 0:0:0:0:0:0:0:1 "GET /shift-config/all?_t=1776775273967 HTTP/1.1" 200 15
[21/Apr/2026:20:41:16 +0800] 0:0:0:0:0:0:0:1 "GET /ws HTTP/1.1" 101 2
[21/Apr/2026:20:41:23 +0800] 0:0:0:0:0:0:0:1 "GET /ws HTTP/1.1" 101 1
[21/Apr/2026:20:41:23 +0800] 0:0:0:0:0:0:0:1 "OPTIONS /consultants?_t=1776775283037 HTTP/1.1" 200 1
[21/Apr/2026:20:41:23 +0800] 0:0:0:0:0:0:0:1 "OPTIONS /shift-config/type-options?_t=1776775283037 HTTP/1.1" 200 1
[21/Apr/2026:20:41:23 +0800] 0:0:0:0:0:0:0:1 "OPTIONS /shift-config/all?_t=1776775283037 HTTP/1.1" 200 1
[21/Apr/2026:20:41:23 +0800] 0:0:0:0:0:0:0:1 "OPTIONS /shift-config/type-options?_t=1776775283037 HTTP/1.1" 200 0
[21/Apr/2026:20:41:23 +0800] 0:0:0:0:0:0:0:1 "OPTIONS /consultants?_t=1776775283037 HTTP/1.1" 200 0
[21/Apr/2026:20:41:23 +0800] 0:0:0:0:0:0:0:1 "OPTIONS /complement?_t=1776775283037 HTTP/1.1" 200 1
[21/Apr/2026:20:41:23 +0800] 0:0:0:0:0:0:0:1 "GET /shift-config/type-options?_t=1776775283037 HTTP/1.1" 200 2
[21/Apr/2026:20:41:23 +0800] 0:0:0:0:0:0:0:1 "GET /complement?_t=1776775283037 HTTP/1.1" 200 2
[21/Apr/2026:20:41:23 +0800] 0:0:0:0:0:0:0:1 "GET /consultants?_t=1776775283037 HTTP/1.1" 200 5
[21/Apr/2026:20:41:23 +0800] 0:0:0:0:0:0:0:1 "GET /shift-config/type-options?_t=1776775283037 HTTP/1.1" 200 4
[21/Apr/2026:20:41:23 +0800] 0:0:0:0:0:0:0:1 "GET /consultants?_t=1776775283037 HTTP/1.1" 200 3
[21/Apr/2026:20:41:23 +0800] 0:0:0:0:0:0:0:1 "GET /shift-config/all?_t=1776775283037 HTTP/1.1" 200 15
[21/Apr/2026:20:41:23 +0800] 0:0:0:0:0:0:0:1 "GET /shift-config/all?_t=1776775283037 HTTP/1.1" 200 12
[21/Apr/2026:20:41:25 +0800] 0:0:0:0:0:0:0:1 "GET /ws HTTP/1.1" 101 1
[21/Apr/2026:20:41:27 +0800] 0:0:0:0:0:0:0:1 "OPTIONS /shift-config/type-options?_t=1776775287655 HTTP/1.1" 200 0
[21/Apr/2026:20:41:27 +0800] 0:0:0:0:0:0:0:1 "OPTIONS /consultants?_t=1776775287655 HTTP/1.1" 200 1
[21/Apr/2026:20:41:27 +0800] 0:0:0:0:0:0:0:1 "OPTIONS /shift-config/all?_t=1776775287655 HTTP/1.1" 200 0
[21/Apr/2026:20:41:27 +0800] 0:0:0:0:0:0:0:1 "GET /shift-config/type-options?_t=1776775287655 HTTP/1.1" 200 4
[21/Apr/2026:20:41:27 +0800] 0:0:0:0:0:0:0:1 "GET /consultants?_t=1776775287655 HTTP/1.1" 200 5
[21/Apr/2026:20:41:27 +0800] 0:0:0:0:0:0:0:1 "GET /shift-config/all?_t=1776775287655 HTTP/1.1" 200 15
[21/Apr/2026:20:41:44 +0800] 0:0:0:0:0:0:0:1 "GET /ws HTTP/1.1" 101 2
[21/Apr/2026:20:41:44 +0800] 0:0:0:0:0:0:0:1 "OPTIONS /shift-config/type-options?_t=1776775304343 HTTP/1.1" 200 0
[21/Apr/2026:20:41:44 +0800] 0:0:0:0:0:0:0:1 "OPTIONS /consultants?_t=1776775304343 HTTP/1.1" 200 1
[21/Apr/2026:20:41:44 +0800] 0:0:0:0:0:0:0:1 "OPTIONS /shift-config/all?_t=1776775304343 HTTP/1.1" 200 1
[21/Apr/2026:20:41:44 +0800] 0:0:0:0:0:0:0:1 "OPTIONS /consultants?_t=1776775304343 HTTP/1.1" 200 1
[21/Apr/2026:20:41:44 +0800] 0:0:0:0:0:0:0:1 "OPTIONS /complement?_t=1776775304343 HTTP/1.1" 200 0
[21/Apr/2026:20:41:44 +0800] 0:0:0:0:0:0:0:1 "GET /shift-config/type-options?_t=1776775304343 HTTP/1.1" 200 3
[21/Apr/2026:20:41:44 +0800] 0:0:0:0:0:0:0:1 "GET /consultants?_t=1776775304343 HTTP/1.1" 200 3
[21/Apr/2026:20:41:44 +0800] 0:0:0:0:0:0:0:1 "GET /complement?_t=1776775304343 HTTP/1.1" 200 3
[21/Apr/2026:20:41:44 +0800] 0:0:0:0:0:0:0:1 "GET /consultants?_t=1776775304343 HTTP/1.1" 200 5
[21/Apr/2026:20:41:44 +0800] 0:0:0:0:0:0:0:1 "GET /shift-config/type-options?_t=1776775304343 HTTP/1.1" 200 4
[21/Apr/2026:20:41:44 +0800] 0:0:0:0:0:0:0:1 "GET /shift-config/all?_t=1776775304343 HTTP/1.1" 200 19
[21/Apr/2026:20:41:44 +0800] 0:0:0:0:0:0:0:1 "GET /shift-config/all?_t=1776775304343 HTTP/1.1" 200 14
[21/Apr/2026:20:41:46 +0800] 0:0:0:0:0:0:0:1 "GET /ws HTTP/1.1" 101 2
[21/Apr/2026:20:42:18 +0800] 0:0:0:0:0:0:0:1 "GET /ws HTTP/1.1" 101 5
[21/Apr/2026:20:42:18 +0800] 0:0:0:0:0:0:0:1 "OPTIONS /consultants?_t=1776775338072 HTTP/1.1" 200 1
[21/Apr/2026:20:42:18 +0800] 0:0:0:0:0:0:0:1 "OPTIONS /shift-config/type-options?_t=1776775338072 HTTP/1.1" 200 1
[21/Apr/2026:20:42:18 +0800] 0:0:0:0:0:0:0:1 "OPTIONS /consultants?_t=1776775338072 HTTP/1.1" 200 1
[21/Apr/2026:20:42:18 +0800] 0:0:0:0:0:0:0:1 "OPTIONS /shift-config/all?_t=1776775338072 HTTP/1.1" 200 1
[21/Apr/2026:20:42:18 +0800] 0:0:0:0:0:0:0:1 "OPTIONS /shift-config/type-options?_t=1776775338072 HTTP/1.1" 200 2
[21/Apr/2026:20:42:18 +0800] 0:0:0:0:0:0:0:1 "OPTIONS /shift-config/all?_t=1776775338072 HTTP/1.1" 200 1
[21/Apr/2026:20:42:18 +0800] 0:0:0:0:0:0:0:1 "OPTIONS /complement?_t=1776775338072 HTTP/1.1" 200 2
[21/Apr/2026:20:42:18 +0800] 0:0:0:0:0:0:0:1 "GET /shift-config/type-options?_t=1776775338072 HTTP/1.1" 200 4
[21/Apr/2026:20:42:18 +0800] 0:0:0:0:0:0:0:1 "GET /consultants?_t=1776775338072 HTTP/1.1" 200 6
[21/Apr/2026:20:42:18 +0800] 0:0:0:0:0:0:0:1 "GET /complement?_t=1776775338072 HTTP/1.1" 200 5
[21/Apr/2026:20:42:18 +0800] 0:0:0:0:0:0:0:1 "GET /shift-config/type-options?_t=1776775338072 HTTP/1.1" 200 5
[21/Apr/2026:20:42:18 +0800] 0:0:0:0:0:0:0:1 "GET /consultants?_t=1776775338072 HTTP/1.1" 200 6
[21/Apr/2026:20:42:18 +0800] 0:0:0:0:0:0:0:1 "GET /shift-config/all?_t=1776775338072 HTTP/1.1" 200 18
[21/Apr/2026:20:42:18 +0800] 0:0:0:0:0:0:0:1 "GET /shift-config/all?_t=1776775338072 HTTP/1.1" 200 19
[21/Apr/2026:20:42:21 +0800] 0:0:0:0:0:0:0:1 "OPTIONS /shift-config/all?_t=1776775341358 HTTP/1.1" 200 1
[21/Apr/2026:20:42:21 +0800] 0:0:0:0:0:0:0:1 "OPTIONS /shift-config/type-options?_t=1776775341358 HTTP/1.1" 200 2
[21/Apr/2026:20:42:21 +0800] 0:0:0:0:0:0:0:1 "GET /shift-config/type-options?_t=1776775341358 HTTP/1.1" 200 5
[21/Apr/2026:20:42:21 +0800] 0:0:0:0:0:0:0:1 "GET /shift-config/all?_t=1776775341358 HTTP/1.1" 200 17
[21/Apr/2026:20:42:31 +0800] 0:0:0:0:0:0:0:1 "OPTIONS /shift-config/type-options HTTP/1.1" 200 1
[21/Apr/2026:20:42:31 +0800] 0:0:0:0:0:0:0:1 "POST /shift-config/type-options HTTP/1.1" 200 53
[21/Apr/2026:20:42:31 +0800] 0:0:0:0:0:0:0:1 "OPTIONS /shift-config/type-options?_t=1776775351469 HTTP/1.1" 200 1
[21/Apr/2026:20:42:31 +0800] 0:0:0:0:0:0:0:1 "GET /shift-config/type-options?_t=1776775351469 HTTP/1.1" 200 4
[21/Apr/2026:20:42:33 +0800] 0:0:0:0:0:0:0:1 "GET /ws HTTP/1.1" 101 3
[21/Apr/2026:20:42:33 +0800] 0:0:0:0:0:0:0:1 "OPTIONS /shift-config/all?_t=1776775353157 HTTP/1.1" 200 1
[21/Apr/2026:20:42:33 +0800] 0:0:0:0:0:0:0:1 "OPTIONS /shift-config/all?_t=1776775353157 HTTP/1.1" 200 1
[21/Apr/2026:20:42:33 +0800] 0:0:0:0:0:0:0:1 "OPTIONS /consultants?_t=1776775353157 HTTP/1.1" 200 2
[21/Apr/2026:20:42:33 +0800] 0:0:0:0:0:0:0:1 "OPTIONS /consultants?_t=1776775353157 HTTP/1.1" 200 1
[21/Apr/2026:20:42:33 +0800] 0:0:0:0:0:0:0:1 "OPTIONS /shift-config/type-options?_t=1776775353157 HTTP/1.1" 200 1
[21/Apr/2026:20:42:33 +0800] 0:0:0:0:0:0:0:1 "OPTIONS /shift-config/type-options?_t=1776775353157 HTTP/1.1" 200 1
[21/Apr/2026:20:42:33 +0800] 0:0:0:0:0:0:0:1 "OPTIONS /complement?_t=1776775353157 HTTP/1.1" 200 1
[21/Apr/2026:20:42:33 +0800] 0:0:0:0:0:0:0:1 "GET /shift-config/type-options?_t=1776775353157 HTTP/1.1" 200 5
[21/Apr/2026:20:42:33 +0800] 0:0:0:0:0:0:0:1 "GET /complement?_t=1776775353157 HTTP/1.1" 200 3
[21/Apr/2026:20:42:33 +0800] 0:0:0:0:0:0:0:1 "GET /consultants?_t=1776775353157 HTTP/1.1" 200 6
[21/Apr/2026:20:42:33 +0800] 0:0:0:0:0:0:0:1 "GET /shift-config/type-options?_t=1776775353157 HTTP/1.1" 200 4
[21/Apr/2026:20:42:33 +0800] 0:0:0:0:0:0:0:1 "GET /consultants?_t=1776775353157 HTTP/1.1" 200 5
[21/Apr/2026:20:42:33 +0800] 0:0:0:0:0:0:0:1 "GET /shift-config/all?_t=1776775353157 HTTP/1.1" 200 17
[21/Apr/2026:20:42:33 +0800] 0:0:0:0:0:0:0:1 "GET /shift-config/all?_t=1776775353157 HTTP/1.1" 200 13
[21/Apr/2026:20:42:34 +0800] 0:0:0:0:0:0:0:1 "OPTIONS /shift-config/type-options?_t=1776775354562 HTTP/1.1" 200 2
[21/Apr/2026:20:42:34 +0800] 0:0:0:0:0:0:0:1 "OPTIONS /shift-config/type-options?_t=1776775354562 HTTP/1.1" 200 2
[21/Apr/2026:20:42:34 +0800] 0:0:0:0:0:0:0:1 "OPTIONS /consultants?_t=1776775354562 HTTP/1.1" 200 2
[21/Apr/2026:20:42:34 +0800] 0:0:0:0:0:0:0:1 "GET /ws HTTP/1.1" 101 2
[21/Apr/2026:20:42:34 +0800] 0:0:0:0:0:0:0:1 "GET /shift-config/type-options?_t=1776775354562 HTTP/1.1" 200 3
[21/Apr/2026:20:42:34 +0800] 0:0:0:0:0:0:0:1 "GET /consultants?_t=1776775354562 HTTP/1.1" 200 5
[21/Apr/2026:20:42:34 +0800] 0:0:0:0:0:0:0:1 "GET /shift-config/type-options?_t=1776775354562 HTTP/1.1" 200 6
[21/Apr/2026:20:42:36 +0800] 0:0:0:0:0:0:0:1 "GET /ws HTTP/1.1" 101 2
[21/Apr/2026:20:42:37 +0800] 0:0:0:0:0:0:0:1 "OPTIONS /shift-config/type-options?_t=1776775357492 HTTP/1.1" 200 3
[21/Apr/2026:20:42:37 +0800] 0:0:0:0:0:0:0:1 "OPTIONS /shift-config/all?_t=1776775357492 HTTP/1.1" 200 3
[21/Apr/2026:20:42:37 +0800] 0:0:0:0:0:0:0:1 "GET /shift-config/type-options?_t=1776775357492 HTTP/1.1" 200 4
[21/Apr/2026:20:42:37 +0800] 0:0:0:0:0:0:0:1 "GET /shift-config/all?_t=1776775357492 HTTP/1.1" 200 17
[21/Apr/2026:20:44:58 +0800] 0:0:0:0:0:0:0:1 "OPTIONS /shift-config/type-options?_t=1776775498485 HTTP/1.1" 200 2
[21/Apr/2026:20:44:58 +0800] 0:0:0:0:0:0:0:1 "OPTIONS /shift-config/all?_t=1776775498485 HTTP/1.1" 200 1
[21/Apr/2026:20:44:58 +0800] 0:0:0:0:0:0:0:1 "GET /shift-config/type-options?_t=1776775498485 HTTP/1.1" 200 3
[21/Apr/2026:20:44:58 +0800] 0:0:0:0:0:0:0:1 "GET /shift-config/all?_t=1776775498485 HTTP/1.1" 200 9
[21/Apr/2026:20:45:09 +0800] 0:0:0:0:0:0:0:1 "OPTIONS /shift-config/all?_t=1776775509083 HTTP/1.1" 200 1
[21/Apr/2026:20:45:09 +0800] 0:0:0:0:0:0:0:1 "OPTIONS /shift-config/type-options?_t=1776775509083 HTTP/1.1" 200 1
[21/Apr/2026:20:45:09 +0800] 0:0:0:0:0:0:0:1 "GET /shift-config/type-options?_t=1776775509083 HTTP/1.1" 200 3
[21/Apr/2026:20:45:09 +0800] 0:0:0:0:0:0:0:1 "GET /shift-config/all?_t=1776775509083 HTTP/1.1" 200 10
[21/Apr/2026:20:45:18 +0800] 0:0:0:0:0:0:0:1 "OPTIONS /shift-config/type-options?_t=1776775518361 HTTP/1.1" 200 2
[21/Apr/2026:20:45:18 +0800] 0:0:0:0:0:0:0:1 "OPTIONS /shift-config/all?_t=1776775518361 HTTP/1.1" 200 2
[21/Apr/2026:20:45:18 +0800] 0:0:0:0:0:0:0:1 "GET /shift-config/type-options?_t=1776775518361 HTTP/1.1" 200 3
[21/Apr/2026:20:45:18 +0800] 0:0:0:0:0:0:0:1 "GET /shift-config/all?_t=1776775518361 HTTP/1.1" 200 13
[21/Apr/2026:20:45:43 +0800] 0:0:0:0:0:0:0:1 "GET /ws HTTP/1.1" 101 2
[21/Apr/2026:20:45:43 +0800] 0:0:0:0:0:0:0:1 "OPTIONS /shift-config/type-options?_t=1776775543421 HTTP/1.1" 200 1
[21/Apr/2026:20:45:43 +0800] 0:0:0:0:0:0:0:1 "OPTIONS /consultants?_t=1776775543421 HTTP/1.1" 200 1
[21/Apr/2026:20:45:43 +0800] 0:0:0:0:0:0:0:1 "OPTIONS /shift-config/all?_t=1776775543421 HTTP/1.1" 200 2
[21/Apr/2026:20:45:43 +0800] 0:0:0:0:0:0:0:1 "OPTIONS /shift-config/type-options?_t=1776775543421 HTTP/1.1" 200 1
[21/Apr/2026:20:45:43 +0800] 0:0:0:0:0:0:0:1 "OPTIONS /consultants?_t=1776775543421 HTTP/1.1" 200 1
[21/Apr/2026:20:45:43 +0800] 0:0:0:0:0:0:0:1 "OPTIONS /shift-config/all?_t=1776775543421 HTTP/1.1" 200 3
[21/Apr/2026:20:45:43 +0800] 0:0:0:0:0:0:0:1 "OPTIONS /complement?_t=1776775543421 HTTP/1.1" 200 3
[21/Apr/2026:20:45:43 +0800] 0:0:0:0:0:0:0:1 "GET /shift-config/type-options?_t=1776775543421 HTTP/1.1" 200 6
[21/Apr/2026:20:45:43 +0800] 0:0:0:0:0:0:0:1 "GET /shift-config/type-options?_t=1776775543421 HTTP/1.1" 200 6
[21/Apr/2026:20:45:43 +0800] 0:0:0:0:0:0:0:1 "GET /consultants?_t=1776775543421 HTTP/1.1" 200 7
[21/Apr/2026:20:45:43 +0800] 0:0:0:0:0:0:0:1 "GET /consultants?_t=1776775543421 HTTP/1.1" 200 7
[21/Apr/2026:20:45:43 +0800] 0:0:0:0:0:0:0:1 "GET /complement?_t=1776775543421 HTTP/1.1" 200 6
[21/Apr/2026:20:45:43 +0800] 0:0:0:0:0:0:0:1 "GET /shift-config/all?_t=1776775543421 HTTP/1.1" 200 20
[21/Apr/2026:20:45:43 +0800] 0:0:0:0:0:0:0:1 "GET /shift-config/all?_t=1776775543421 HTTP/1.1" 200 20
[21/Apr/2026:20:45:45 +0800] 0:0:0:0:0:0:0:1 "OPTIONS /consultants?_t=1776775545874 HTTP/1.1" 200 1
[21/Apr/2026:20:45:45 +0800] 0:0:0:0:0:0:0:1 "OPTIONS /shift-config/type-options?_t=1776775545874 HTTP/1.1" 200 1
[21/Apr/2026:20:45:45 +0800] 0:0:0:0:0:0:0:1 "OPTIONS /shift-config/type-options?_t=1776775545874 HTTP/1.1" 200 1
[21/Apr/2026:20:45:45 +0800] 0:0:0:0:0:0:0:1 "GET /ws HTTP/1.1" 101 3
[21/Apr/2026:20:45:45 +0800] 0:0:0:0:0:0:0:1 "GET /shift-config/type-options?_t=1776775545874 HTTP/1.1" 200 4
[21/Apr/2026:20:45:45 +0800] 0:0:0:0:0:0:0:1 "GET /shift-config/type-options?_t=1776775545874 HTTP/1.1" 200 4
[21/Apr/2026:20:45:45 +0800] 0:0:0:0:0:0:0:1 "GET /consultants?_t=1776775545874 HTTP/1.1" 200 4
[21/Apr/2026:20:45:47 +0800] 0:0:0:0:0:0:0:1 "OPTIONS /shift-config/all?_t=1776775547407 HTTP/1.1" 200 2
[21/Apr/2026:20:45:47 +0800] 0:0:0:0:0:0:0:1 "OPTIONS /shift-config/type-options?_t=1776775547407 HTTP/1.1" 200 2
[21/Apr/2026:20:45:47 +0800] 0:0:0:0:0:0:0:1 "GET /shift-config/type-options?_t=1776775547407 HTTP/1.1" 200 5
[21/Apr/2026:20:45:47 +0800] 0:0:0:0:0:0:0:1 "GET /shift-config/all?_t=1776775547407 HTTP/1.1" 200 15
[21/Apr/2026:20:45:48 +0800] 0:0:0:0:0:0:0:1 "OPTIONS /consultants?_t=1776775548860 HTTP/1.1" 200 2
[21/Apr/2026:20:45:48 +0800] 0:0:0:0:0:0:0:1 "OPTIONS /shift-config/type-options?_t=1776775548860 HTTP/1.1" 200 1
[21/Apr/2026:20:45:48 +0800] 0:0:0:0:0:0:0:1 "OPTIONS /shift-config/type-options?_t=1776775548860 HTTP/1.1" 200 2
[21/Apr/2026:20:45:48 +0800] 0:0:0:0:0:0:0:1 "GET /ws HTTP/1.1" 101 1
[21/Apr/2026:20:45:48 +0800] 0:0:0:0:0:0:0:1 "GET /consultants?_t=1776775548860 HTTP/1.1" 200 8
[21/Apr/2026:20:45:48 +0800] 0:0:0:0:0:0:0:1 "GET /shift-config/type-options?_t=1776775548860 HTTP/1.1" 200 8
[21/Apr/2026:20:45:48 +0800] 0:0:0:0:0:0:0:1 "GET /shift-config/type-options?_t=1776775548860 HTTP/1.1" 200 5
[21/Apr/2026:20:45:50 +0800] 0:0:0:0:0:0:0:1 "OPTIONS /shift-config/all?_t=1776775550919 HTTP/1.1" 200 2
[21/Apr/2026:20:45:50 +0800] 0:0:0:0:0:0:0:1 "OPTIONS /shift-config/type-options?_t=1776775550919 HTTP/1.1" 200 2
[21/Apr/2026:20:45:50 +0800] 0:0:0:0:0:0:0:1 "GET /shift-config/type-options?_t=1776775550919 HTTP/1.1" 200 4
[21/Apr/2026:20:45:50 +0800] 0:0:0:0:0:0:0:1 "GET /shift-config/all?_t=1776775550919 HTTP/1.1" 200 11
[21/Apr/2026:20:46:08 +0800] 0:0:0:0:0:0:0:1 "OPTIONS /shift-config/types/1 HTTP/1.1" 200 1
[21/Apr/2026:20:46:08 +0800] 0:0:0:0:0:0:0:1 "POST /shift-config/types/1 HTTP/1.1" 200 105
[21/Apr/2026:20:46:34 +0800] 0:0:0:0:0:0:0:1 "OPTIONS /shift-config/types/13 HTTP/1.1" 200 2
[21/Apr/2026:20:46:34 +0800] 0:0:0:0:0:0:0:1 "POST /shift-config/types/13 HTTP/1.1" 200 22
[21/Apr/2026:20:48:17 +0800] 0:0:0:0:0:0:0:1 "GET /ws HTTP/1.1" 101 3
[21/Apr/2026:20:48:17 +0800] 0:0:0:0:0:0:0:1 "OPTIONS /consultants?_t=1776775697065 HTTP/1.1" 200 2
[21/Apr/2026:20:48:17 +0800] 0:0:0:0:0:0:0:1 "OPTIONS /consultants?_t=1776775697065 HTTP/1.1" 200 1
[21/Apr/2026:20:48:17 +0800] 0:0:0:0:0:0:0:1 "OPTIONS /shift-config/all?_t=1776775697065 HTTP/1.1" 200 1
[21/Apr/2026:20:48:17 +0800] 0:0:0:0:0:0:0:1 "OPTIONS /shift-config/type-options?_t=1776775697065 HTTP/1.1" 200 1
[21/Apr/2026:20:48:17 +0800] 0:0:0:0:0:0:0:1 "OPTIONS /shift-config/type-options?_t=1776775697065 HTTP/1.1" 200 3
[21/Apr/2026:20:48:17 +0800] 0:0:0:0:0:0:0:1 "OPTIONS /shift-config/all?_t=1776775697065 HTTP/1.1" 200 3
[21/Apr/2026:20:48:17 +0800] 0:0:0:0:0:0:0:1 "OPTIONS /complement?_t=1776775697065 HTTP/1.1" 200 2
[21/Apr/2026:20:48:17 +0800] 0:0:0:0:0:0:0:1 "GET /shift-config/type-options?_t=1776775697065 HTTP/1.1" 200 4
[21/Apr/2026:20:48:17 +0800] 0:0:0:0:0:0:0:1 "GET /consultants?_t=1776775697065 HTTP/1.1" 200 13
[21/Apr/2026:20:48:17 +0800] 0:0:0:0:0:0:0:1 "GET /shift-config/type-options?_t=1776775697065 HTTP/1.1" 200 11
[21/Apr/2026:20:48:17 +0800] 0:0:0:0:0:0:0:1 "GET /complement?_t=1776775697065 HTTP/1.1" 200 9
[21/Apr/2026:20:48:17 +0800] 0:0:0:0:0:0:0:1 "GET /shift-config/all?_t=1776775697065 HTTP/1.1" 200 26
[21/Apr/2026:20:48:17 +0800] 0:0:0:0:0:0:0:1 "GET /consultants?_t=1776775697065 HTTP/1.1" 200 29
[21/Apr/2026:20:48:17 +0800] 0:0:0:0:0:0:0:1 "GET /shift-config/all?_t=1776775697065 HTTP/1.1" 200 28
[21/Apr/2026:20:48:18 +0800] 0:0:0:0:0:0:0:1 "OPTIONS /shift-config/type-options?_t=1776775698710 HTTP/1.1" 200 2
[21/Apr/2026:20:48:18 +0800] 0:0:0:0:0:0:0:1 "OPTIONS /shift-config/all?_t=1776775698710 HTTP/1.1" 200 2
[21/Apr/2026:20:48:18 +0800] 0:0:0:0:0:0:0:1 "GET /shift-config/type-options?_t=1776775698710 HTTP/1.1" 200 6
[21/Apr/2026:20:48:18 +0800] 0:0:0:0:0:0:0:1 "GET /shift-config/all?_t=1776775698710 HTTP/1.1" 200 17
[21/Apr/2026:20:48:23 +0800] 0:0:0:0:0:0:0:1 "POST /shift-config/types/1 HTTP/1.1" 200 21
[21/Apr/2026:21:00:17 +0800] 0:0:0:0:0:0:0:1 "OPTIONS /user/login HTTP/1.1" 200 85
[21/Apr/2026:21:00:17 +0800] 0:0:0:0:0:0:0:1 "POST /user/login HTTP/1.1" 200 181
[21/Apr/2026:21:00:17 +0800] 0:0:0:0:0:0:0:1 "OPTIONS /consultants?_t=1776776417620 HTTP/1.1" 200 10
[21/Apr/2026:21:00:17 +0800] 0:0:0:0:0:0:0:1 "OPTIONS /consultants?_t=1776776417620 HTTP/1.1" 200 8
[21/Apr/2026:21:00:17 +0800] 0:0:0:0:0:0:0:1 "OPTIONS /shift-config/type-options?_t=1776776417620 HTTP/1.1" 200 10
[21/Apr/2026:21:00:17 +0800] 0:0:0:0:0:0:0:1 "OPTIONS /complement?_t=1776776417620 HTTP/1.1" 200 6
[21/Apr/2026:21:00:17 +0800] 0:0:0:0:0:0:0:1 "OPTIONS /shift-config/type-options?_t=1776776417620 HTTP/1.1" 200 12
[21/Apr/2026:21:00:17 +0800] 0:0:0:0:0:0:0:1 "OPTIONS /shift-config/all?_t=1776776417620 HTTP/1.1" 200 9
[21/Apr/2026:21:00:17 +0800] 0:0:0:0:0:0:0:1 "OPTIONS /shift-config/all?_t=1776776417620 HTTP/1.1" 200 14
[21/Apr/2026:21:00:17 +0800] 0:0:0:0:0:0:0:1 "GET /complement?_t=1776776417620 HTTP/1.1" 200 38
[21/Apr/2026:21:00:17 +0800] 0:0:0:0:0:0:0:1 "GET /shift-config/type-options?_t=1776776417620 HTTP/1.1" 200 48
[21/Apr/2026:21:00:17 +0800] 0:0:0:0:0:0:0:1 "GET /ws HTTP/1.1" 101 112
[21/Apr/2026:21:00:17 +0800] 0:0:0:0:0:0:0:1 "GET /shift-config/type-options?_t=1776776417620 HTTP/1.1" 200 15
[21/Apr/2026:21:00:17 +0800] 0:0:0:0:0:0:0:1 "GET /consultants?_t=1776776417620 HTTP/1.1" 200 107
[21/Apr/2026:21:00:17 +0800] 0:0:0:0:0:0:0:1 "GET /consultants?_t=1776776417620 HTTP/1.1" 200 17
[21/Apr/2026:21:00:17 +0800] 0:0:0:0:0:0:0:1 "GET /shift-config/all?_t=1776776417620 HTTP/1.1" 200 127
[21/Apr/2026:21:00:17 +0800] 0:0:0:0:0:0:0:1 "GET /shift-config/all?_t=1776776417620 HTTP/1.1" 200 39
[21/Apr/2026:21:00:21 +0800] 0:0:0:0:0:0:0:1 "OPTIONS /shift-config/all?_t=1776776421603 HTTP/1.1" 200 2
[21/Apr/2026:21:00:21 +0800] 0:0:0:0:0:0:0:1 "OPTIONS /shift-config/type-options?_t=1776776421603 HTTP/1.1" 200 2
[21/Apr/2026:21:00:21 +0800] 0:0:0:0:0:0:0:1 "GET /shift-config/type-options?_t=1776776421603 HTTP/1.1" 200 7
[21/Apr/2026:21:00:21 +0800] 0:0:0:0:0:0:0:1 "GET /shift-config/all?_t=1776776421603 HTTP/1.1" 200 26
[21/Apr/2026:21:00:22 +0800] 0:0:0:0:0:0:0:1 "OPTIONS /shift-config/type-options?_t=1776776422640 HTTP/1.1" 200 2
[21/Apr/2026:21:00:22 +0800] 0:0:0:0:0:0:0:1 "OPTIONS /shift-config/type-options?_t=1776776422640 HTTP/1.1" 200 2
[21/Apr/2026:21:00:22 +0800] 0:0:0:0:0:0:0:1 "OPTIONS /consultants?_t=1776776422640 HTTP/1.1" 200 2
[21/Apr/2026:21:00:22 +0800] 0:0:0:0:0:0:0:1 "GET /ws HTTP/1.1" 101 4
[21/Apr/2026:21:00:22 +0800] 0:0:0:0:0:0:0:1 "GET /shift-config/type-options?_t=1776776422640 HTTP/1.1" 200 7
[21/Apr/2026:21:00:22 +0800] 0:0:0:0:0:0:0:1 "GET /consultants?_t=1776776422640 HTTP/1.1" 200 16
[21/Apr/2026:21:00:22 +0800] 0:0:0:0:0:0:0:1 "GET /shift-config/type-options?_t=1776776422640 HTTP/1.1" 200 11
[21/Apr/2026:21:00:23 +0800] 0:0:0:0:0:0:0:1 "OPTIONS /shift-config/all?_t=1776776423845 HTTP/1.1" 200 1
[21/Apr/2026:21:00:23 +0800] 0:0:0:0:0:0:0:1 "OPTIONS /shift-config/type-options?_t=1776776423845 HTTP/1.1" 200 2
[21/Apr/2026:21:00:23 +0800] 0:0:0:0:0:0:0:1 "GET /shift-config/type-options?_t=1776776423845 HTTP/1.1" 200 7
[21/Apr/2026:21:00:23 +0800] 0:0:0:0:0:0:0:1 "GET /shift-config/all?_t=1776776423845 HTTP/1.1" 200 32
[21/Apr/2026:21:00:29 +0800] 0:0:0:0:0:0:0:1 "OPTIONS /consultants?_t=1776776429307 HTTP/1.1" 200 1
[21/Apr/2026:21:00:29 +0800] 0:0:0:0:0:0:0:1 "OPTIONS /shift-config/type-options?_t=1776776429307 HTTP/1.1" 200 1
[21/Apr/2026:21:00:29 +0800] 0:0:0:0:0:0:0:1 "OPTIONS /shift-config/type-options?_t=1776776429307 HTTP/1.1" 200 3
[21/Apr/2026:21:00:29 +0800] 0:0:0:0:0:0:0:1 "GET /ws HTTP/1.1" 101 3
[21/Apr/2026:21:00:29 +0800] 0:0:0:0:0:0:0:1 "GET /shift-config/type-options?_t=1776776429307 HTTP/1.1" 200 6
[21/Apr/2026:21:00:29 +0800] 0:0:0:0:0:0:0:1 "GET /consultants?_t=1776776429307 HTTP/1.1" 200 12
[21/Apr/2026:21:00:29 +0800] 0:0:0:0:0:0:0:1 "GET /shift-config/type-options?_t=1776776429307 HTTP/1.1" 200 10
[21/Apr/2026:21:00:30 +0800] 0:0:0:0:0:0:0:1 "OPTIONS /shift-config/type-options?_t=1776776430891 HTTP/1.1" 200 2
[21/Apr/2026:21:00:30 +0800] 0:0:0:0:0:0:0:1 "OPTIONS /shift-config/all?_t=1776776430891 HTTP/1.1" 200 2
[21/Apr/2026:21:00:30 +0800] 0:0:0:0:0:0:0:1 "GET /shift-config/type-options?_t=1776776430891 HTTP/1.1" 200 6
[21/Apr/2026:21:00:30 +0800] 0:0:0:0:0:0:0:1 "GET /shift-config/all?_t=1776776430891 HTTP/1.1" 200 22
[21/Apr/2026:21:00:37 +0800] 0:0:0:0:0:0:0:1 "OPTIONS /consultants?_t=1776776437344 HTTP/1.1" 200 1
[21/Apr/2026:21:00:37 +0800] 0:0:0:0:0:0:0:1 "OPTIONS /shift-config/type-options?_t=1776776437344 HTTP/1.1" 200 1
[21/Apr/2026:21:00:37 +0800] 0:0:0:0:0:0:0:1 "GET /ws HTTP/1.1" 101 3
[21/Apr/2026:21:00:37 +0800] 0:0:0:0:0:0:0:1 "OPTIONS /shift-config/type-options?_t=1776776437344 HTTP/1.1" 200 2
[21/Apr/2026:21:00:37 +0800] 0:0:0:0:0:0:0:1 "GET /shift-config/type-options?_t=1776776437344 HTTP/1.1" 200 6
[21/Apr/2026:21:00:37 +0800] 0:0:0:0:0:0:0:1 "GET /consultants?_t=1776776437344 HTTP/1.1" 200 8
[21/Apr/2026:21:00:37 +0800] 0:0:0:0:0:0:0:1 "GET /shift-config/type-options?_t=1776776437344 HTTP/1.1" 200 6
[21/Apr/2026:21:00:38 +0800] 0:0:0:0:0:0:0:1 "OPTIONS /shift-config/all?_t=1776776438376 HTTP/1.1" 200 1
[21/Apr/2026:21:00:38 +0800] 0:0:0:0:0:0:0:1 "OPTIONS /shift-config/type-options?_t=1776776438376 HTTP/1.1" 200 1
[21/Apr/2026:21:00:38 +0800] 0:0:0:0:0:0:0:1 "GET /shift-config/type-options?_t=1776776438376 HTTP/1.1" 200 5
[21/Apr/2026:21:00:38 +0800] 0:0:0:0:0:0:0:1 "GET /shift-config/all?_t=1776776438376 HTTP/1.1" 200 19
[21/Apr/2026:21:00:42 +0800] 0:0:0:0:0:0:0:1 "OPTIONS /shift-config/types/1 HTTP/1.1" 200 4
[21/Apr/2026:21:00:42 +0800] 0:0:0:0:0:0:0:1 "POST /shift-config/types/1 HTTP/1.1" 200 104
[21/Apr/2026:21:00:42 +0800] 0:0:0:0:0:0:0:1 "OPTIONS /shift-config/all?_t=1776776442869 HTTP/1.1" 200 2
[21/Apr/2026:21:00:42 +0800] 0:0:0:0:0:0:0:1 "GET /shift-config/all?_t=1776776442869 HTTP/1.1" 200 31
[21/Apr/2026:21:00:44 +0800] 0:0:0:0:0:0:0:1 "GET /ws HTTP/1.1" 101 3
[21/Apr/2026:21:00:44 +0800] 0:0:0:0:0:0:0:1 "OPTIONS /shift-config/all?_t=1776776444255 HTTP/1.1" 200 2
[21/Apr/2026:21:00:44 +0800] 0:0:0:0:0:0:0:1 "OPTIONS /consultants?_t=1776776444255 HTTP/1.1" 200 2
[21/Apr/2026:21:00:44 +0800] 0:0:0:0:0:0:0:1 "OPTIONS /shift-config/type-options?_t=1776776444255 HTTP/1.1" 200 2
[21/Apr/2026:21:00:44 +0800] 0:0:0:0:0:0:0:1 "OPTIONS /consultants?_t=1776776444255 HTTP/1.1" 200 2
[21/Apr/2026:21:00:44 +0800] 0:0:0:0:0:0:0:1 "OPTIONS /shift-config/type-options?_t=1776776444255 HTTP/1.1" 200 3
[21/Apr/2026:21:00:44 +0800] 0:0:0:0:0:0:0:1 "OPTIONS /shift-config/all?_t=1776776444255 HTTP/1.1" 200 3
[21/Apr/2026:21:00:44 +0800] 0:0:0:0:0:0:0:1 "OPTIONS /complement?_t=1776776444255 HTTP/1.1" 200 2
[21/Apr/2026:21:00:44 +0800] 0:0:0:0:0:0:0:1 "GET /consultants?_t=1776776444255 HTTP/1.1" 200 12
[21/Apr/2026:21:00:44 +0800] 0:0:0:0:0:0:0:1 "GET /complement?_t=1776776444255 HTTP/1.1" 200 11
[21/Apr/2026:21:00:44 +0800] 0:0:0:0:0:0:0:1 "GET /shift-config/type-options?_t=1776776444255 HTTP/1.1" 200 21
[21/Apr/2026:21:00:44 +0800] 0:0:0:0:0:0:0:1 "GET /consultants?_t=1776776444255 HTTP/1.1" 200 10
[21/Apr/2026:21:00:44 +0800] 0:0:0:0:0:0:0:1 "GET /shift-config/type-options?_t=1776776444255 HTTP/1.1" 200 7
[21/Apr/2026:21:00:44 +0800] 0:0:0:0:0:0:0:1 "GET /shift-config/all?_t=1776776444255 HTTP/1.1" 200 43
[21/Apr/2026:21:00:44 +0800] 0:0:0:0:0:0:0:1 "GET /shift-config/all?_t=1776776444255 HTTP/1.1" 200 21
[21/Apr/2026:21:00:54 +0800] 0:0:0:0:0:0:0:1 "OPTIONS /shift-config/all?_t=1776776454827 HTTP/1.1" 200 1
[21/Apr/2026:21:00:54 +0800] 0:0:0:0:0:0:0:1 "OPTIONS /shift-config/type-options?_t=1776776454827 HTTP/1.1" 200 1
[21/Apr/2026:21:00:54 +0800] 0:0:0:0:0:0:0:1 "GET /shift-config/type-options?_t=1776776454827 HTTP/1.1" 200 6
[21/Apr/2026:21:00:54 +0800] 0:0:0:0:0:0:0:1 "GET /shift-config/all?_t=1776776454827 HTTP/1.1" 200 19
[21/Apr/2026:21:00:58 +0800] 0:0:0:0:0:0:0:1 "GET /ws HTTP/1.1" 101 3
[21/Apr/2026:21:00:58 +0800] 0:0:0:0:0:0:0:1 "OPTIONS /consultants?_t=1776776458879 HTTP/1.1" 200 1
[21/Apr/2026:21:00:58 +0800] 0:0:0:0:0:0:0:1 "OPTIONS /shift-config/type-options?_t=1776776458879 HTTP/1.1" 200 1
[21/Apr/2026:21:00:58 +0800] 0:0:0:0:0:0:0:1 "OPTIONS /shift-config/all?_t=1776776458879 HTTP/1.1" 200 1
[21/Apr/2026:21:00:58 +0800] 0:0:0:0:0:0:0:1 "OPTIONS /shift-config/all?_t=1776776458879 HTTP/1.1" 200 1
[21/Apr/2026:21:00:58 +0800] 0:0:0:0:0:0:0:1 "OPTIONS /consultants?_t=1776776458879 HTTP/1.1" 200 1
[21/Apr/2026:21:00:58 +0800] 0:0:0:0:0:0:0:1 "OPTIONS /shift-config/type-options?_t=1776776458879 HTTP/1.1" 200 1
[21/Apr/2026:21:00:58 +0800] 0:0:0:0:0:0:0:1 "OPTIONS /complement?_t=1776776458879 HTTP/1.1" 200 2
[21/Apr/2026:21:00:58 +0800] 0:0:0:0:0:0:0:1 "GET /shift-config/type-options?_t=1776776458879 HTTP/1.1" 200 8
[21/Apr/2026:21:00:58 +0800] 0:0:0:0:0:0:0:1 "GET /consultants?_t=1776776458879 HTTP/1.1" 200 9
[21/Apr/2026:21:00:58 +0800] 0:0:0:0:0:0:0:1 "GET /complement?_t=1776776458879 HTTP/1.1" 200 7
[21/Apr/2026:21:00:58 +0800] 0:0:0:0:0:0:0:1 "GET /shift-config/type-options?_t=1776776458879 HTTP/1.1" 200 6
[21/Apr/2026:21:00:58 +0800] 0:0:0:0:0:0:0:1 "GET /consultants?_t=1776776458879 HTTP/1.1" 200 6
[21/Apr/2026:21:00:58 +0800] 0:0:0:0:0:0:0:1 "GET /shift-config/all?_t=1776776458879 HTTP/1.1" 200 32
[21/Apr/2026:21:00:58 +0800] 0:0:0:0:0:0:0:1 "GET /shift-config/all?_t=1776776458879 HTTP/1.1" 200 21
[21/Apr/2026:21:01:03 +0800] 0:0:0:0:0:0:0:1 "OPTIONS /updateConsultants?operationType=updateNormalCount HTTP/1.1" 200 3
[21/Apr/2026:21:01:03 +0800] 0:0:0:0:0:0:0:1 "POST /updateConsultants?operationType=updateNormalCount HTTP/1.1" 200 68
[21/Apr/2026:21:01:03 +0800] 0:0:0:0:0:0:0:1 "POST /updateConsultants?operationType=updateNormalCount HTTP/1.1" 200 32
[21/Apr/2026:21:01:03 +0800] 0:0:0:0:0:0:0:1 "POST /updateConsultants?operationType=updateNormalCount HTTP/1.1" 200 34
[21/Apr/2026:21:01:04 +0800] 0:0:0:0:0:0:0:1 "POST /updateConsultants?operationType=updateNormalCount HTTP/1.1" 200 33
[21/Apr/2026:21:01:06 +0800] 0:0:0:0:0:0:0:1 "POST /updateConsultants?operationType=updateNormalCount HTTP/1.1" 200 30
[21/Apr/2026:21:01:06 +0800] 0:0:0:0:0:0:0:1 "POST /updateConsultants?operationType=updateNormalCount HTTP/1.1" 200 32
[21/Apr/2026:21:01:07 +0800] 0:0:0:0:0:0:0:1 "POST /updateConsultants?operationType=updateNormalCount HTTP/1.1" 200 29
[21/Apr/2026:21:01:07 +0800] 0:0:0:0:0:0:0:1 "POST /updateConsultants?operationType=updateNormalCount HTTP/1.1" 200 28
[21/Apr/2026:21:05:18 +0800] 0:0:0:0:0:0:0:1 "GET /ws HTTP/1.1" 101 1
[21/Apr/2026:21:05:18 +0800] 0:0:0:0:0:0:0:1 "OPTIONS /consultants?_t=1776776718575 HTTP/1.1" 200 3
[21/Apr/2026:21:05:18 +0800] 0:0:0:0:0:0:0:1 "OPTIONS /consultants?_t=1776776718575 HTTP/1.1" 200 1
[21/Apr/2026:21:05:18 +0800] 0:0:0:0:0:0:0:1 "OPTIONS /shift-config/type-options?_t=1776776718575 HTTP/1.1" 200 1
[21/Apr/2026:21:05:18 +0800] 0:0:0:0:0:0:0:1 "OPTIONS /shift-config/all?_t=1776776718575 HTTP/1.1" 200 1
[21/Apr/2026:21:05:18 +0800] 0:0:0:0:0:0:0:1 "OPTIONS /shift-config/type-options?_t=1776776718575 HTTP/1.1" 200 3
[21/Apr/2026:21:05:18 +0800] 0:0:0:0:0:0:0:1 "OPTIONS /complement?_t=1776776718575 HTTP/1.1" 200 2
[21/Apr/2026:21:05:18 +0800] 0:0:0:0:0:0:0:1 "OPTIONS /shift-config/all?_t=1776776718575 HTTP/1.1" 200 2
[21/Apr/2026:21:05:18 +0800] 0:0:0:0:0:0:0:1 "GET /consultants?_t=1776776718575 HTTP/1.1" 200 8
[21/Apr/2026:21:05:18 +0800] 0:0:0:0:0:0:0:1 "GET /shift-config/type-options?_t=1776776718575 HTTP/1.1" 200 4
[21/Apr/2026:21:05:18 +0800] 0:0:0:0:0:0:0:1 "GET /complement?_t=1776776718575 HTTP/1.1" 200 5
[21/Apr/2026:21:05:18 +0800] 0:0:0:0:0:0:0:1 "GET /consultants?_t=1776776718575 HTTP/1.1" 200 5
[21/Apr/2026:21:05:18 +0800] 0:0:0:0:0:0:0:1 "GET /shift-config/type-options?_t=1776776718575 HTTP/1.1" 200 5
[21/Apr/2026:21:05:18 +0800] 0:0:0:0:0:0:0:1 "GET /shift-config/all?_t=1776776718575 HTTP/1.1" 200 19
[21/Apr/2026:21:05:18 +0800] 0:0:0:0:0:0:0:1 "GET /shift-config/all?_t=1776776718575 HTTP/1.1" 200 31
[21/Apr/2026:21:05:20 +0800] 0:0:0:0:0:0:0:1 "GET /ws HTTP/1.1" 101 2
[21/Apr/2026:21:06:22 +0800] 0:0:0:0:0:0:0:1 "GET /ws HTTP/1.1" 101 143
[21/Apr/2026:21:06:59 +0800] 0:0:0:0:0:0:0:1 "GET /ws HTTP/1.1" 101 6
[21/Apr/2026:21:06:59 +0800] 0:0:0:0:0:0:0:1 "OPTIONS /shift-config/type-options?_t=1776776819894 HTTP/1.1" 200 14
[21/Apr/2026:21:06:59 +0800] 0:0:0:0:0:0:0:1 "OPTIONS /consultants?_t=1776776819894 HTTP/1.1" 200 14
[21/Apr/2026:21:06:59 +0800] 0:0:0:0:0:0:0:1 "OPTIONS /shift-config/type-options?_t=1776776819894 HTTP/1.1" 200 14
[21/Apr/2026:21:07:00 +0800] 0:0:0:0:0:0:0:1 "GET /consultants?_t=1776776819894 HTTP/1.1" 200 87
[21/Apr/2026:21:07:00 +0800] 0:0:0:0:0:0:0:1 "GET /shift-config/type-options?_t=1776776819894 HTTP/1.1" 200 128
[21/Apr/2026:21:07:00 +0800] 0:0:0:0:0:0:0:1 "GET /shift-config/type-options?_t=1776776819894 HTTP/1.1" 200 14
[21/Apr/2026:21:07:01 +0800] 0:0:0:0:0:0:0:1 "OPTIONS /shift-config/type-options?_t=1776776821401 HTTP/1.1" 200 3
[21/Apr/2026:21:07:01 +0800] 0:0:0:0:0:0:0:1 "OPTIONS /shift-config/all?_t=1776776821401 HTTP/1.1" 200 3
[21/Apr/2026:21:07:01 +0800] 0:0:0:0:0:0:0:1 "GET /shift-config/type-options?_t=1776776821401 HTTP/1.1" 200 10
[21/Apr/2026:21:07:01 +0800] 0:0:0:0:0:0:0:1 "GET /shift-config/all?_t=1776776821401 HTTP/1.1" 200 73
[21/Apr/2026:21:07:19 +0800] 0:0:0:0:0:0:0:1 "POST /shift-config/types/1 HTTP/1.1" 200 115
[21/Apr/2026:21:07:24 +0800] 0:0:0:0:0:0:0:1 "POST /user/login HTTP/1.1" 200 34
[21/Apr/2026:21:07:24 +0800] 0:0:0:0:0:0:0:1 "GET /ws HTTP/1.1" 101 3
[21/Apr/2026:21:07:24 +0800] 0:0:0:0:0:0:0:1 "OPTIONS /shift-config/all?_t=1776776844888 HTTP/1.1" 200 2
[21/Apr/2026:21:07:24 +0800] 0:0:0:0:0:0:0:1 "OPTIONS /consultants?_t=1776776844888 HTTP/1.1" 200 1
[21/Apr/2026:21:07:24 +0800] 0:0:0:0:0:0:0:1 "OPTIONS /shift-config/type-options?_t=1776776844888 HTTP/1.1" 200 3
[21/Apr/2026:21:07:24 +0800] 0:0:0:0:0:0:0:1 "OPTIONS /consultants?_t=1776776844888 HTTP/1.1" 200 4
[21/Apr/2026:21:07:24 +0800] 0:0:0:0:0:0:0:1 "OPTIONS /complement?_t=1776776844888 HTTP/1.1" 200 3
[21/Apr/2026:21:07:24 +0800] 0:0:0:0:0:0:0:1 "OPTIONS /shift-config/type-options?_t=1776776844888 HTTP/1.1" 200 4
[21/Apr/2026:21:07:24 +0800] 0:0:0:0:0:0:0:1 "OPTIONS /shift-config/all?_t=1776776844888 HTTP/1.1" 200 3
[21/Apr/2026:21:07:24 +0800] 0:0:0:0:0:0:0:1 "GET /shift-config/type-options?_t=1776776844888 HTTP/1.1" 200 10
[21/Apr/2026:21:07:24 +0800] 0:0:0:0:0:0:0:1 "GET /shift-config/type-options?_t=1776776844888 HTTP/1.1" 200 17
[21/Apr/2026:21:07:24 +0800] 0:0:0:0:0:0:0:1 "GET /complement?_t=1776776844888 HTTP/1.1" 200 32
[21/Apr/2026:21:07:24 +0800] 0:0:0:0:0:0:0:1 "GET /consultants?_t=1776776844888 HTTP/1.1" 200 48
[21/Apr/2026:21:07:24 +0800] 0:0:0:0:0:0:0:1 "GET /shift-config/all?_t=1776776844888 HTTP/1.1" 200 83
[21/Apr/2026:21:07:24 +0800] 0:0:0:0:0:0:0:1 "GET /consultants?_t=1776776844888 HTTP/1.1" 200 40
[21/Apr/2026:21:07:25 +0800] 0:0:0:0:0:0:0:1 "GET /shift-config/all?_t=1776776844888 HTTP/1.1" 200 41
[21/Apr/2026:21:07:26 +0800] 0:0:0:0:0:0:0:1 "OPTIONS /shift-config/all?_t=1776776846723 HTTP/1.1" 200 2
[21/Apr/2026:21:07:26 +0800] 0:0:0:0:0:0:0:1 "OPTIONS /shift-config/type-options?_t=1776776846723 HTTP/1.1" 200 2
[21/Apr/2026:21:07:26 +0800] 0:0:0:0:0:0:0:1 "GET /shift-config/type-options?_t=1776776846723 HTTP/1.1" 200 7
[21/Apr/2026:21:07:26 +0800] 0:0:0:0:0:0:0:1 "GET /shift-config/all?_t=1776776846723 HTTP/1.1" 200 30
[21/Apr/2026:21:07:34 +0800] 0:0:0:0:0:0:0:1 "POST /shift-config/types/1 HTTP/1.1" 200 43
[21/Apr/2026:21:07:34 +0800] 0:0:0:0:0:0:0:1 "OPTIONS /shift-config/all?_t=1776776854173 HTTP/1.1" 200 1
[21/Apr/2026:21:07:34 +0800] 0:0:0:0:0:0:0:1 "GET /shift-config/all?_t=1776776854173 HTTP/1.1" 200 17
[21/Apr/2026:21:07:39 +0800] 0:0:0:0:0:0:0:1 "GET /ws HTTP/1.1" 101 3
[21/Apr/2026:21:07:39 +0800] 0:0:0:0:0:0:0:1 "OPTIONS /consultants?_t=1776776859372 HTTP/1.1" 200 3
[21/Apr/2026:21:07:39 +0800] 0:0:0:0:0:0:0:1 "OPTIONS /shift-config/all?_t=1776776859372 HTTP/1.1" 200 3
[21/Apr/2026:21:07:39 +0800] 0:0:0:0:0:0:0:1 "OPTIONS /shift-config/type-options?_t=1776776859372 HTTP/1.1" 200 3
[21/Apr/2026:21:07:39 +0800] 0:0:0:0:0:0:0:1 "OPTIONS /complement?_t=1776776859372 HTTP/1.1" 200 2
[21/Apr/2026:21:07:39 +0800] 0:0:0:0:0:0:0:1 "OPTIONS /shift-config/all?_t=1776776859372 HTTP/1.1" 200 4
[21/Apr/2026:21:07:39 +0800] 0:0:0:0:0:0:0:1 "OPTIONS /consultants?_t=1776776859372 HTTP/1.1" 200 5
[21/Apr/2026:21:07:39 +0800] 0:0:0:0:0:0:0:1 "OPTIONS /shift-config/type-options?_t=1776776859372 HTTP/1.1" 200 4
[21/Apr/2026:21:07:39 +0800] 0:0:0:0:0:0:0:1 "GET /complement?_t=1776776859372 HTTP/1.1" 200 7
[21/Apr/2026:21:07:39 +0800] 0:0:0:0:0:0:0:1 "GET /shift-config/type-options?_t=1776776859372 HTTP/1.1" 200 7
[21/Apr/2026:21:07:39 +0800] 0:0:0:0:0:0:0:1 "GET /consultants?_t=1776776859372 HTTP/1.1" 200 15
[21/Apr/2026:21:07:39 +0800] 0:0:0:0:0:0:0:1 "GET /shift-config/type-options?_t=1776776859372 HTTP/1.1" 200 9
[21/Apr/2026:21:07:39 +0800] 0:0:0:0:0:0:0:1 "GET /consultants?_t=1776776859372 HTTP/1.1" 200 13
[21/Apr/2026:21:07:39 +0800] 0:0:0:0:0:0:0:1 "GET /shift-config/all?_t=1776776859372 HTTP/1.1" 200 35
[21/Apr/2026:21:07:39 +0800] 0:0:0:0:0:0:0:1 "GET /shift-config/all?_t=1776776859372 HTTP/1.1" 200 25
[21/Apr/2026:21:07:43 +0800] 0:0:0:0:0:0:0:1 "OPTIONS /updateConsultants?operationType=updateCount HTTP/1.1" 200 2
[21/Apr/2026:21:07:43 +0800] 0:0:0:0:0:0:0:1 "POST /updateConsultants?operationType=updateCount HTTP/1.1" 200 67
[21/Apr/2026:21:07:44 +0800] 0:0:0:0:0:0:0:1 "POST /updateConsultants?operationType=updateCount HTTP/1.1" 200 35
[21/Apr/2026:21:07:45 +0800] 0:0:0:0:0:0:0:1 "POST /updateConsultants?operationType=updateCount HTTP/1.1" 200 38
[21/Apr/2026:21:07:51 +0800] 0:0:0:0:0:0:0:1 "POST /updateConsultants?operationType=updateCount HTTP/1.1" 200 35
[21/Apr/2026:21:07:52 +0800] 0:0:0:0:0:0:0:1 "POST /updateConsultants?operationType=updateCount HTTP/1.1" 200 33
[21/Apr/2026:21:07:53 +0800] 0:0:0:0:0:0:0:1 "POST /updateConsultants?operationType=updateCount HTTP/1.1" 200 31
[21/Apr/2026:21:08:01 +0800] 0:0:0:0:0:0:0:1 "OPTIONS /updateConsultants?operationType=extra1_add HTTP/1.1" 200 1
[21/Apr/2026:21:08:01 +0800] 0:0:0:0:0:0:0:1 "POST /updateConsultants?operationType=extra1_add HTTP/1.1" 200 32
[21/Apr/2026:21:08:02 +0800] 0:0:0:0:0:0:0:1 "OPTIONS /updateConsultants?operationType=extra1_skip HTTP/1.1" 200 2
[21/Apr/2026:21:08:02 +0800] 0:0:0:0:0:0:0:1 "POST /updateConsultants?operationType=extra1_skip HTTP/1.1" 200 32
[21/Apr/2026:21:08:03 +0800] 0:0:0:0:0:0:0:1 "OPTIONS /updateConsultants?operationType=extra1_restore HTTP/1.1" 200 2
[21/Apr/2026:21:08:03 +0800] 0:0:0:0:0:0:0:1 "POST /updateConsultants?operationType=extra1_restore HTTP/1.1" 200 32
[21/Apr/2026:21:08:03 +0800] 0:0:0:0:0:0:0:1 "POST /updateConsultants?operationType=extra1_add HTTP/1.1" 200 23
[21/Apr/2026:21:08:04 +0800] 0:0:0:0:0:0:0:1 "POST /updateConsultants?operationType=extra1_add HTTP/1.1" 200 22
[21/Apr/2026:21:08:07 +0800] 0:0:0:0:0:0:0:1 "OPTIONS /updateConsultants?operationType=extra1_confirm HTTP/1.1" 200 3
[21/Apr/2026:21:08:07 +0800] 0:0:0:0:0:0:0:1 "POST /updateConsultants?operationType=extra1_confirm HTTP/1.1" 200 31
[21/Apr/2026:21:08:07 +0800] 0:0:0:0:0:0:0:1 "POST /updateConsultants?operationType=extra1_add HTTP/1.1" 200 29
[21/Apr/2026:21:08:08 +0800] 0:0:0:0:0:0:0:1 "POST /updateConsultants?operationType=extra1_confirm HTTP/1.1" 200 31
[21/Apr/2026:21:08:09 +0800] 0:0:0:0:0:0:0:1 "POST /updateConsultants?operationType=extra1_add HTTP/1.1" 200 30
[21/Apr/2026:21:08:09 +0800] 0:0:0:0:0:0:0:1 "POST /updateConsultants?operationType=extra1_confirm HTTP/1.1" 200 38
[21/Apr/2026:21:08:14 +0800] 0:0:0:0:0:0:0:1 "GET /ws HTTP/1.1" 101 4
[21/Apr/2026:21:08:14 +0800] 0:0:0:0:0:0:0:1 "OPTIONS /shift-config/type-options?_t=1776776894720 HTTP/1.1" 200 2
[21/Apr/2026:21:08:14 +0800] 0:0:0:0:0:0:0:1 "OPTIONS /consultants?_t=1776776894720 HTTP/1.1" 200 3
[21/Apr/2026:21:08:14 +0800] 0:0:0:0:0:0:0:1 "OPTIONS /shift-config/all?_t=1776776894720 HTTP/1.1" 200 3
[21/Apr/2026:21:08:14 +0800] 0:0:0:0:0:0:0:1 "OPTIONS /shift-config/type-options?_t=1776776894720 HTTP/1.1" 200 2
[21/Apr/2026:21:08:14 +0800] 0:0:0:0:0:0:0:1 "OPTIONS /consultants?_t=1776776894720 HTTP/1.1" 200 3
[21/Apr/2026:21:08:14 +0800] 0:0:0:0:0:0:0:1 "OPTIONS /shift-config/all?_t=1776776894720 HTTP/1.1" 200 1
[21/Apr/2026:21:08:14 +0800] 0:0:0:0:0:0:0:1 "OPTIONS /complement?_t=1776776894720 HTTP/1.1" 200 2
[21/Apr/2026:21:08:14 +0800] 0:0:0:0:0:0:0:1 "GET /consultants?_t=1776776894720 HTTP/1.1" 200 9
[21/Apr/2026:21:08:14 +0800] 0:0:0:0:0:0:0:1 "GET /shift-config/type-options?_t=1776776894720 HTTP/1.1" 200 9
[21/Apr/2026:21:08:14 +0800] 0:0:0:0:0:0:0:1 "GET /shift-config/type-options?_t=1776776894720 HTTP/1.1" 200 7
[21/Apr/2026:21:08:14 +0800] 0:0:0:0:0:0:0:1 "GET /complement?_t=1776776894720 HTTP/1.1" 200 18
[21/Apr/2026:21:08:14 +0800] 0:0:0:0:0:0:0:1 "GET /consultants?_t=1776776894720 HTTP/1.1" 200 16
[21/Apr/2026:21:08:14 +0800] 0:0:0:0:0:0:0:1 "GET /shift-config/all?_t=1776776894720 HTTP/1.1" 200 45
[21/Apr/2026:21:08:14 +0800] 0:0:0:0:0:0:0:1 "GET /shift-config/all?_t=1776776894720 HTTP/1.1" 200 23
[21/Apr/2026:21:08:24 +0800] 0:0:0:0:0:0:0:1 "POST /updateConsultants?operationType=extra1_add HTTP/1.1" 200 29
[21/Apr/2026:21:08:25 +0800] 0:0:0:0:0:0:0:1 "POST /updateConsultants?operationType=extra1_confirm HTTP/1.1" 200 34
[21/Apr/2026:21:08:26 +0800] 0:0:0:0:0:0:0:1 "POST /updateConsultants?operationType=extra1_add HTTP/1.1" 200 32
[21/Apr/2026:21:08:27 +0800] 0:0:0:0:0:0:0:1 "POST /updateConsultants?operationType=extra1_confirm HTTP/1.1" 200 33
[21/Apr/2026:21:08:27 +0800] 0:0:0:0:0:0:0:1 "POST /updateConsultants?operationType=extra1_add HTTP/1.1" 200 33
[21/Apr/2026:21:08:29 +0800] 0:0:0:0:0:0:0:1 "POST /updateConsultants?operationType=extra1_confirm HTTP/1.1" 200 29
[21/Apr/2026:21:08:36 +0800] 0:0:0:0:0:0:0:1 "POST /updateConsultants?operationType=extra1_add HTTP/1.1" 200 33
[21/Apr/2026:21:08:37 +0800] 0:0:0:0:0:0:0:1 "POST /updateConsultants?operationType=extra1_confirm HTTP/1.1" 200 32
[21/Apr/2026:21:08:42 +0800] 0:0:0:0:0:0:0:1 "POST /updateConsultants?operationType=updateCount HTTP/1.1" 200 26
[21/Apr/2026:21:08:46 +0800] 0:0:0:0:0:0:0:1 "POST /updateConsultants?operationType=updateCount HTTP/1.1" 200 33
[21/Apr/2026:21:08:48 +0800] 0:0:0:0:0:0:0:1 "POST /updateConsultants?operationType=updateNormalCount HTTP/1.1" 200 32
[21/Apr/2026:21:08:49 +0800] 0:0:0:0:0:0:0:1 "POST /updateConsultants?operationType=updateNormalCount HTTP/1.1" 200 36
[21/Apr/2026:21:08:49 +0800] 0:0:0:0:0:0:0:1 "POST /updateConsultants?operationType=updateNormalCount HTTP/1.1" 200 34
[21/Apr/2026:21:08:51 +0800] 0:0:0:0:0:0:0:1 "POST /updateConsultants?operationType=updateNormalCount HTTP/1.1" 200 33
[21/Apr/2026:21:08:51 +0800] 0:0:0:0:0:0:0:1 "POST /updateConsultants?operationType=updateNormalCount HTTP/1.1" 200 32
[21/Apr/2026:21:08:51 +0800] 0:0:0:0:0:0:0:1 "POST /updateConsultants?operationType=updateNormalCount HTTP/1.1" 200 34
[21/Apr/2026:21:08:52 +0800] 0:0:0:0:0:0:0:1 "POST /updateConsultants?operationType=updateNormalCount HTTP/1.1" 200 26
[21/Apr/2026:21:08:55 +0800] 0:0:0:0:0:0:0:1 "OPTIONS /updateConsultants?operationType=updateSingle1Count HTTP/1.1" 200 1
[21/Apr/2026:21:08:55 +0800] 0:0:0:0:0:0:0:1 "POST /updateConsultants?operationType=updateSingle1Count HTTP/1.1" 200 27
[21/Apr/2026:21:08:55 +0800] 0:0:0:0:0:0:0:1 "POST /updateConsultants?operationType=updateSingle1Count HTTP/1.1" 200 33
[21/Apr/2026:21:09:02 +0800] 0:0:0:0:0:0:0:1 "OPTIONS /updateConsultants?operationType=updateSemCount HTTP/1.1" 200 2
[21/Apr/2026:21:09:02 +0800] 0:0:0:0:0:0:0:1 "POST /updateConsultants?operationType=updateSemCount HTTP/1.1" 200 30
[21/Apr/2026:21:09:06 +0800] 0:0:0:0:0:0:0:1 "POST /updateConsultants?operationType=updateNormalCount HTTP/1.1" 200 31
[21/Apr/2026:21:09:06 +0800] 0:0:0:0:0:0:0:1 "POST /updateConsultants?operationType=updateNormalCount HTTP/1.1" 200 29
[21/Apr/2026:21:09:07 +0800] 0:0:0:0:0:0:0:1 "POST /updateConsultants?operationType=updateNormalCount HTTP/1.1" 200 33
[21/Apr/2026:21:09:07 +0800] 0:0:0:0:0:0:0:1 "POST /updateConsultants?operationType=updateNormalCount HTTP/1.1" 200 32
[21/Apr/2026:21:09:08 +0800] 0:0:0:0:0:0:0:1 "POST /updateConsultants?operationType=updateNormalCount HTTP/1.1" 200 31
[21/Apr/2026:21:09:13 +0800] 0:0:0:0:0:0:0:1 "POST /updateConsultants?operationType=updateNormalCount HTTP/1.1" 200 33
[21/Apr/2026:21:09:13 +0800] 0:0:0:0:0:0:0:1 "POST /updateConsultants?operationType=updateNormalCount HTTP/1.1" 200 26
[21/Apr/2026:21:09:13 +0800] 0:0:0:0:0:0:0:1 "POST /updateConsultants?operationType=updateNormalCount HTTP/1.1" 200 27
[21/Apr/2026:21:09:14 +0800] 0:0:0:0:0:0:0:1 "POST /updateConsultants?operationType=updateNormalCount HTTP/1.1" 200 28
[21/Apr/2026:21:09:14 +0800] 0:0:0:0:0:0:0:1 "POST /updateConsultants?operationType=updateNormalCount HTTP/1.1" 200 30
[21/Apr/2026:21:09:15 +0800] 0:0:0:0:0:0:0:1 "POST /updateConsultants?operationType=updateNormalCount HTTP/1.1" 200 25
[21/Apr/2026:21:16:03 +0800] 0:0:0:0:0:0:0:1 "OPTIONS /consultants?_t=1776777363943 HTTP/1.1" 200 2
[21/Apr/2026:21:16:03 +0800] 0:0:0:0:0:0:0:1 "OPTIONS /shift-config/type-options?_t=1776777363944 HTTP/1.1" 200 0
[21/Apr/2026:21:16:03 +0800] 0:0:0:0:0:0:0:1 "OPTIONS /shift-config/all?_t=1776777363944 HTTP/1.1" 200 0
[21/Apr/2026:21:16:03 +0800] 0:0:0:0:0:0:0:1 "GET /shift-config/type-options?_t=1776777363944 HTTP/1.1" 200 6
[21/Apr/2026:21:16:03 +0800] 0:0:0:0:0:0:0:1 "GET /consultants?_t=1776777363943 HTTP/1.1" 200 8
[21/Apr/2026:21:16:03 +0800] 0:0:0:0:0:0:0:1 "GET /shift-config/all?_t=1776777363944 HTTP/1.1" 200 18
[21/Apr/2026:21:16:24 +0800] 0:0:0:0:0:0:0:1 "GET /ws HTTP/1.1" 101 3
[21/Apr/2026:21:16:24 +0800] 0:0:0:0:0:0:0:1 "OPTIONS /shift-config/type-options?_t=1776777384841 HTTP/1.1" 200 1
[21/Apr/2026:21:16:24 +0800] 0:0:0:0:0:0:0:1 "OPTIONS /consultants?_t=1776777384841 HTTP/1.1" 200 1
[21/Apr/2026:21:16:24 +0800] 0:0:0:0:0:0:0:1 "OPTIONS /shift-config/type-options?_t=1776777384841 HTTP/1.1" 200 2
[21/Apr/2026:21:16:24 +0800] 0:0:0:0:0:0:0:1 "GET /shift-config/type-options?_t=1776777384841 HTTP/1.1" 200 6
[21/Apr/2026:21:16:24 +0800] 0:0:0:0:0:0:0:1 "GET /consultants?_t=1776777384841 HTTP/1.1" 200 7
[21/Apr/2026:21:16:24 +0800] 0:0:0:0:0:0:0:1 "GET /shift-config/type-options?_t=1776777384841 HTTP/1.1" 200 4
[21/Apr/2026:21:16:26 +0800] 0:0:0:0:0:0:0:1 "OPTIONS /shift-config/type-options?_t=1776777386433 HTTP/1.1" 200 2
[21/Apr/2026:21:16:26 +0800] 0:0:0:0:0:0:0:1 "OPTIONS /shift-config/all?_t=1776777386433 HTTP/1.1" 200 3
[21/Apr/2026:21:16:26 +0800] 0:0:0:0:0:0:0:1 "GET /shift-config/type-options?_t=1776777386433 HTTP/1.1" 200 4
[21/Apr/2026:21:16:26 +0800] 0:0:0:0:0:0:0:1 "GET /shift-config/all?_t=1776777386433 HTTP/1.1" 200 17
[21/Apr/2026:21:16:36 +0800] 0:0:0:0:0:0:0:1 "GET /ws HTTP/1.1" 101 3
[21/Apr/2026:21:16:36 +0800] 0:0:0:0:0:0:0:1 "OPTIONS /shift-config/type-options?_t=1776777396144 HTTP/1.1" 200 2
[21/Apr/2026:21:16:36 +0800] 0:0:0:0:0:0:0:1 "OPTIONS /shift-config/all?_t=1776777396144 HTTP/1.1" 200 2
[21/Apr/2026:21:16:36 +0800] 0:0:0:0:0:0:0:1 "OPTIONS /consultants?_t=1776777396144 HTTP/1.1" 200 3
[21/Apr/2026:21:16:36 +0800] 0:0:0:0:0:0:0:1 "OPTIONS /consultants?_t=1776777396144 HTTP/1.1" 200 1
[21/Apr/2026:21:16:36 +0800] 0:0:0:0:0:0:0:1 "OPTIONS /shift-config/all?_t=1776777396144 HTTP/1.1" 200 1
[21/Apr/2026:21:16:36 +0800] 0:0:0:0:0:0:0:1 "OPTIONS /shift-config/type-options?_t=1776777396144 HTTP/1.1" 200 1
[21/Apr/2026:21:16:36 +0800] 0:0:0:0:0:0:0:1 "OPTIONS /complement?_t=1776777396144 HTTP/1.1" 200 2
[21/Apr/2026:21:16:36 +0800] 0:0:0:0:0:0:0:1 "GET /shift-config/type-options?_t=1776777396144 HTTP/1.1" 200 6
[21/Apr/2026:21:16:36 +0800] 0:0:0:0:0:0:0:1 "GET /complement?_t=1776777396144 HTTP/1.1" 200 5
[21/Apr/2026:21:16:36 +0800] 0:0:0:0:0:0:0:1 "GET /consultants?_t=1776777396144 HTTP/1.1" 200 10
[21/Apr/2026:21:16:36 +0800] 0:0:0:0:0:0:0:1 "GET /shift-config/type-options?_t=1776777396144 HTTP/1.1" 200 5
[21/Apr/2026:21:16:36 +0800] 0:0:0:0:0:0:0:1 "GET /consultants?_t=1776777396144 HTTP/1.1" 200 9
[21/Apr/2026:21:16:36 +0800] 0:0:0:0:0:0:0:1 "GET /shift-config/all?_t=1776777396144 HTTP/1.1" 200 21
[21/Apr/2026:21:16:36 +0800] 0:0:0:0:0:0:0:1 "GET /shift-config/all?_t=1776777396144 HTTP/1.1" 200 15
[21/Apr/2026:21:16:38 +0800] 0:0:0:0:0:0:0:1 "POST /updateConsultants?operationType=updateNormalCount HTTP/1.1" 200 26
[21/Apr/2026:21:16:39 +0800] 0:0:0:0:0:0:0:1 "POST /updateConsultants?operationType=updateNormalCount HTTP/1.1" 200 30
[21/Apr/2026:21:16:39 +0800] 0:0:0:0:0:0:0:1 "POST /updateConsultants?operationType=updateNormalCount HTTP/1.1" 200 32
[21/Apr/2026:21:16:40 +0800] 0:0:0:0:0:0:0:1 "POST /updateConsultants?operationType=updateNormalCount HTTP/1.1" 200 31
[21/Apr/2026:21:16:42 +0800] 0:0:0:0:0:0:0:1 "POST /updateConsultants?operationType=updateNormalCount HTTP/1.1" 200 30
[21/Apr/2026:21:16:42 +0800] 0:0:0:0:0:0:0:1 "POST /updateConsultants?operationType=updateNormalCount HTTP/1.1" 200 52
[21/Apr/2026:21:16:43 +0800] 0:0:0:0:0:0:0:1 "POST /updateConsultants?operationType=updateNormalCount HTTP/1.1" 200 33
[21/Apr/2026:21:16:44 +0800] 0:0:0:0:0:0:0:1 "POST /updateConsultants?operationType=updateNormalCount HTTP/1.1" 200 28
[21/Apr/2026:21:16:45 +0800] 0:0:0:0:0:0:0:1 "POST /updateConsultants?operationType=updateNormalCount HTTP/1.1" 200 31
[21/Apr/2026:21:16:46 +0800] 0:0:0:0:0:0:0:1 "POST /updateConsultants?operationType=updateNormalCount HTTP/1.1" 200 31
[21/Apr/2026:21:16:46 +0800] 0:0:0:0:0:0:0:1 "POST /updateConsultants?operationType=updateNormalCount HTTP/1.1" 200 33
[21/Apr/2026:21:16:47 +0800] 0:0:0:0:0:0:0:1 "POST /updateConsultants?operationType=updateNormalCount HTTP/1.1" 200 31
[21/Apr/2026:21:16:47 +0800] 0:0:0:0:0:0:0:1 "POST /updateConsultants?operationType=updateNormalCount HTTP/1.1" 200 32
[21/Apr/2026:21:16:48 +0800] 0:0:0:0:0:0:0:1 "POST /updateConsultants?operationType=updateNormalCount HTTP/1.1" 200 29
[21/Apr/2026:21:16:49 +0800] 0:0:0:0:0:0:0:1 "POST /updateConsultants?operationType=updateCount HTTP/1.1" 200 32
[21/Apr/2026:21:16:50 +0800] 0:0:0:0:0:0:0:1 "POST /updateConsultants?operationType=updateCount HTTP/1.1" 200 28
[21/Apr/2026:21:16:50 +0800] 0:0:0:0:0:0:0:1 "POST /updateConsultants?operationType=updateCount HTTP/1.1" 200 27
[21/Apr/2026:21:16:51 +0800] 0:0:0:0:0:0:0:1 "GET /ws HTTP/1.1" 101 2
[21/Apr/2026:21:16:51 +0800] 0:0:0:0:0:0:0:1 "OPTIONS /shift-config/type-options?_t=1776777411560 HTTP/1.1" 200 1
[21/Apr/2026:21:16:51 +0800] 0:0:0:0:0:0:0:1 "OPTIONS /shift-config/type-options?_t=1776777411560 HTTP/1.1" 200 1
[21/Apr/2026:21:16:51 +0800] 0:0:0:0:0:0:0:1 "OPTIONS /consultants?_t=1776777411560 HTTP/1.1" 200 1
[21/Apr/2026:21:16:51 +0800] 0:0:0:0:0:0:0:1 "GET /shift-config/type-options?_t=1776777411560 HTTP/1.1" 200 4
[21/Apr/2026:21:16:51 +0800] 0:0:0:0:0:0:0:1 "GET /consultants?_t=1776777411560 HTTP/1.1" 200 5
[21/Apr/2026:21:16:51 +0800] 0:0:0:0:0:0:0:1 "GET /shift-config/type-options?_t=1776777411560 HTTP/1.1" 200 6
[21/Apr/2026:21:16:52 +0800] 0:0:0:0:0:0:0:1 "OPTIONS /shift-config/type-options?_t=1776777412583 HTTP/1.1" 200 2
[21/Apr/2026:21:16:52 +0800] 0:0:0:0:0:0:0:1 "OPTIONS /shift-config/all?_t=1776777412583 HTTP/1.1" 200 1
[21/Apr/2026:21:16:52 +0800] 0:0:0:0:0:0:0:1 "GET /shift-config/type-options?_t=1776777412583 HTTP/1.1" 200 4
[21/Apr/2026:21:16:52 +0800] 0:0:0:0:0:0:0:1 "GET /shift-config/all?_t=1776777412583 HTTP/1.1" 200 15
[21/Apr/2026:21:16:57 +0800] 0:0:0:0:0:0:0:1 "POST /shift-config/types/1 HTTP/1.1" 200 217
[21/Apr/2026:21:16:57 +0800] 0:0:0:0:0:0:0:1 "OPTIONS /shift-config/all?_t=1776777417617 HTTP/1.1" 200 2
[21/Apr/2026:21:16:57 +0800] 0:0:0:0:0:0:0:1 "GET /shift-config/all?_t=1776777417617 HTTP/1.1" 200 16
[21/Apr/2026:21:16:58 +0800] 0:0:0:0:0:0:0:1 "GET /ws HTTP/1.1" 101 2
[21/Apr/2026:21:16:58 +0800] 0:0:0:0:0:0:0:1 "OPTIONS /shift-config/type-options?_t=1776777418571 HTTP/1.1" 200 1
[21/Apr/2026:21:16:58 +0800] 0:0:0:0:0:0:0:1 "OPTIONS /shift-config/all?_t=1776777418571 HTTP/1.1" 200 1
[21/Apr/2026:21:16:58 +0800] 0:0:0:0:0:0:0:1 "OPTIONS /shift-config/type-options?_t=1776777418571 HTTP/1.1" 200 1
[21/Apr/2026:21:16:58 +0800] 0:0:0:0:0:0:0:1 "OPTIONS /consultants?_t=1776777418571 HTTP/1.1" 200 1
[21/Apr/2026:21:16:58 +0800] 0:0:0:0:0:0:0:1 "OPTIONS /consultants?_t=1776777418571 HTTP/1.1" 200 1
[21/Apr/2026:21:16:58 +0800] 0:0:0:0:0:0:0:1 "OPTIONS /shift-config/all?_t=1776777418571 HTTP/1.1" 200 2
[21/Apr/2026:21:16:58 +0800] 0:0:0:0:0:0:0:1 "OPTIONS /complement?_t=1776777418571 HTTP/1.1" 200 3
[21/Apr/2026:21:16:58 +0800] 0:0:0:0:0:0:0:1 "GET /shift-config/type-options?_t=1776777418571 HTTP/1.1" 200 8
[21/Apr/2026:21:16:58 +0800] 0:0:0:0:0:0:0:1 "GET /complement?_t=1776777418571 HTTP/1.1" 200 11
[21/Apr/2026:21:16:58 +0800] 0:0:0:0:0:0:0:1 "GET /shift-config/type-options?_t=1776777418571 HTTP/1.1" 200 9
[21/Apr/2026:21:16:58 +0800] 0:0:0:0:0:0:0:1 "GET /consultants?_t=1776777418571 HTTP/1.1" 200 21
[21/Apr/2026:21:16:58 +0800] 0:0:0:0:0:0:0:1 "GET /shift-config/all?_t=1776777418571 HTTP/1.1" 200 22
[21/Apr/2026:21:16:58 +0800] 0:0:0:0:0:0:0:1 "GET /consultants?_t=1776777418571 HTTP/1.1" 200 7
[21/Apr/2026:21:16:58 +0800] 0:0:0:0:0:0:0:1 "GET /shift-config/all?_t=1776777418571 HTTP/1.1" 200 13
[21/Apr/2026:21:17:03 +0800] 0:0:0:0:0:0:0:1 "POST /updateConsultants?operationType=updateSingle1Count HTTP/1.1" 200 31
[21/Apr/2026:21:17:03 +0800] 0:0:0:0:0:0:0:1 "POST /updateConsultants?operationType=updateSingle1Count HTTP/1.1" 200 32
[21/Apr/2026:21:17:06 +0800] 0:0:0:0:0:0:0:1 "POST /updateConsultants?operationType=updateSemCount HTTP/1.1" 200 26
[21/Apr/2026:21:17:06 +0800] 0:0:0:0:0:0:0:1 "POST /updateConsultants?operationType=updateSemCount HTTP/1.1" 200 33
[21/Apr/2026:21:17:08 +0800] 0:0:0:0:0:0:0:1 "GET /ws HTTP/1.1" 101 3
[21/Apr/2026:21:17:08 +0800] 0:0:0:0:0:0:0:1 "OPTIONS /complement?_t=1776777428318 HTTP/1.1" 200 1
[21/Apr/2026:21:17:08 +0800] 0:0:0:0:0:0:0:1 "GET /complement?_t=1776777428318 HTTP/1.1" 200 4
[21/Apr/2026:21:17:09 +0800] 0:0:0:0:0:0:0:1 "GET /ws HTTP/1.1" 101 2
[21/Apr/2026:21:17:09 +0800] 0:0:0:0:0:0:0:1 "OPTIONS /consultants?_t=1776777429033 HTTP/1.1" 200 2
[21/Apr/2026:21:17:09 +0800] 0:0:0:0:0:0:0:1 "OPTIONS /shift-config/type-options?_t=1776777429033 HTTP/1.1" 200 2
[21/Apr/2026:21:17:09 +0800] 0:0:0:0:0:0:0:1 "OPTIONS /shift-config/all?_t=1776777429033 HTTP/1.1" 200 1
[21/Apr/2026:21:17:09 +0800] 0:0:0:0:0:0:0:1 "OPTIONS /consultants?_t=1776777429033 HTTP/1.1" 200 1
[21/Apr/2026:21:17:09 +0800] 0:0:0:0:0:0:0:1 "OPTIONS /shift-config/type-options?_t=1776777429033 HTTP/1.1" 200 1
[21/Apr/2026:21:17:09 +0800] 0:0:0:0:0:0:0:1 "OPTIONS /shift-config/all?_t=1776777429033 HTTP/1.1" 200 0
[21/Apr/2026:21:17:09 +0800] 0:0:0:0:0:0:0:1 "OPTIONS /complement?_t=1776777429033 HTTP/1.1" 200 2
[21/Apr/2026:21:17:09 +0800] 0:0:0:0:0:0:0:1 "GET /shift-config/type-options?_t=1776777429033 HTTP/1.1" 200 6
[21/Apr/2026:21:17:09 +0800] 0:0:0:0:0:0:0:1 "GET /consultants?_t=1776777429033 HTTP/1.1" 200 8
[21/Apr/2026:21:17:09 +0800] 0:0:0:0:0:0:0:1 "GET /complement?_t=1776777429033 HTTP/1.1" 200 7
[21/Apr/2026:21:17:09 +0800] 0:0:0:0:0:0:0:1 "GET /shift-config/type-options?_t=1776777429033 HTTP/1.1" 200 6
[21/Apr/2026:21:17:09 +0800] 0:0:0:0:0:0:0:1 "GET /consultants?_t=1776777429033 HTTP/1.1" 200 7
[21/Apr/2026:21:17:09 +0800] 0:0:0:0:0:0:0:1 "GET /shift-config/all?_t=1776777429033 HTTP/1.1" 200 18
[21/Apr/2026:21:17:09 +0800] 0:0:0:0:0:0:0:1 "GET /shift-config/all?_t=1776777429033 HTTP/1.1" 200 10
[21/Apr/2026:21:17:13 +0800] 0:0:0:0:0:0:0:1 "GET /ws HTTP/1.1" 101 2
[21/Apr/2026:21:17:13 +0800] 0:0:0:0:0:0:0:1 "OPTIONS /shift-config/type-options?_t=1776777433510 HTTP/1.1" 200 0
[21/Apr/2026:21:17:13 +0800] 0:0:0:0:0:0:0:1 "OPTIONS /shift-config/type-options?_t=1776777433510 HTTP/1.1" 200 1
[21/Apr/2026:21:17:13 +0800] 0:0:0:0:0:0:0:1 "OPTIONS /consultants?_t=1776777433510 HTTP/1.1" 200 0
[21/Apr/2026:21:17:13 +0800] 0:0:0:0:0:0:0:1 "GET /shift-config/type-options?_t=1776777433510 HTTP/1.1" 200 3
[21/Apr/2026:21:17:13 +0800] 0:0:0:0:0:0:0:1 "GET /consultants?_t=1776777433510 HTTP/1.1" 200 4
[21/Apr/2026:21:17:13 +0800] 0:0:0:0:0:0:0:1 "GET /shift-config/type-options?_t=1776777433510 HTTP/1.1" 200 3
[21/Apr/2026:21:17:14 +0800] 0:0:0:0:0:0:0:1 "OPTIONS /shift-config/type-options?_t=1776777434750 HTTP/1.1" 200 2
[21/Apr/2026:21:17:14 +0800] 0:0:0:0:0:0:0:1 "OPTIONS /shift-config/all?_t=1776777434750 HTTP/1.1" 200 2
[21/Apr/2026:21:17:14 +0800] 0:0:0:0:0:0:0:1 "GET /shift-config/type-options?_t=1776777434750 HTTP/1.1" 200 4
[21/Apr/2026:21:17:14 +0800] 0:0:0:0:0:0:0:1 "GET /shift-config/all?_t=1776777434750 HTTP/1.1" 200 11
[21/Apr/2026:21:17:24 +0800] 0:0:0:0:0:0:0:1 "OPTIONS /shift-config/types/13 HTTP/1.1" 200 2
[21/Apr/2026:21:17:24 +0800] 0:0:0:0:0:0:0:1 "POST /shift-config/types/13 HTTP/1.1" 200 19
[21/Apr/2026:21:17:24 +0800] 0:0:0:0:0:0:0:1 "OPTIONS /shift-config/all?_t=1776777444895 HTTP/1.1" 200 1
[21/Apr/2026:21:17:24 +0800] 0:0:0:0:0:0:0:1 "GET /shift-config/all?_t=1776777444895 HTTP/1.1" 200 12
[21/Apr/2026:21:17:25 +0800] 0:0:0:0:0:0:0:1 "GET /ws HTTP/1.1" 101 2
[21/Apr/2026:21:17:25 +0800] 0:0:0:0:0:0:0:1 "OPTIONS /consultants?_t=1776777445701 HTTP/1.1" 200 2
[21/Apr/2026:21:17:25 +0800] 0:0:0:0:0:0:0:1 "OPTIONS /consultants?_t=1776777445701 HTTP/1.1" 200 1
[21/Apr/2026:21:17:25 +0800] 0:0:0:0:0:0:0:1 "OPTIONS /shift-config/all?_t=1776777445701 HTTP/1.1" 200 1
[21/Apr/2026:21:17:25 +0800] 0:0:0:0:0:0:0:1 "OPTIONS /shift-config/type-options?_t=1776777445701 HTTP/1.1" 200 1
[21/Apr/2026:21:17:25 +0800] 0:0:0:0:0:0:0:1 "OPTIONS /shift-config/all?_t=1776777445701 HTTP/1.1" 200 1
[21/Apr/2026:21:17:25 +0800] 0:0:0:0:0:0:0:1 "OPTIONS /shift-config/type-options?_t=1776777445701 HTTP/1.1" 200 1
[21/Apr/2026:21:17:25 +0800] 0:0:0:0:0:0:0:1 "OPTIONS /complement?_t=1776777445701 HTTP/1.1" 200 2
[21/Apr/2026:21:17:25 +0800] 0:0:0:0:0:0:0:1 "GET /shift-config/type-options?_t=1776777445701 HTTP/1.1" 200 4
[21/Apr/2026:21:17:25 +0800] 0:0:0:0:0:0:0:1 "GET /complement?_t=1776777445701 HTTP/1.1" 200 3
[21/Apr/2026:21:17:25 +0800] 0:0:0:0:0:0:0:1 "GET /consultants?_t=1776777445701 HTTP/1.1" 200 8
[21/Apr/2026:21:17:25 +0800] 0:0:0:0:0:0:0:1 "GET /shift-config/type-options?_t=1776777445701 HTTP/1.1" 200 4
[21/Apr/2026:21:17:25 +0800] 0:0:0:0:0:0:0:1 "GET /consultants?_t=1776777445701 HTTP/1.1" 200 4
[21/Apr/2026:21:17:25 +0800] 0:0:0:0:0:0:0:1 "GET /shift-config/all?_t=1776777445701 HTTP/1.1" 200 14
[21/Apr/2026:21:17:25 +0800] 0:0:0:0:0:0:0:1 "GET /shift-config/all?_t=1776777445701 HTTP/1.1" 200 14
[21/Apr/2026:21:17:29 +0800] 0:0:0:0:0:0:0:1 "GET /ws HTTP/1.1" 101 2
[21/Apr/2026:21:17:29 +0800] 0:0:0:0:0:0:0:1 "OPTIONS /shift-config/type-options?_t=1776777449024 HTTP/1.1" 200 1
[21/Apr/2026:21:17:29 +0800] 0:0:0:0:0:0:0:1 "OPTIONS /consultants?_t=1776777449024 HTTP/1.1" 200 2
[21/Apr/2026:21:17:29 +0800] 0:0:0:0:0:0:0:1 "OPTIONS /shift-config/type-options?_t=1776777449024 HTTP/1.1" 200 2
[21/Apr/2026:21:17:29 +0800] 0:0:0:0:0:0:0:1 "GET /shift-config/type-options?_t=1776777449024 HTTP/1.1" 200 3
[21/Apr/2026:21:17:29 +0800] 0:0:0:0:0:0:0:1 "GET /consultants?_t=1776777449024 HTTP/1.1" 200 5
[21/Apr/2026:21:17:29 +0800] 0:0:0:0:0:0:0:1 "GET /shift-config/type-options?_t=1776777449024 HTTP/1.1" 200 5
[21/Apr/2026:21:17:31 +0800] 0:0:0:0:0:0:0:1 "GET /ws HTTP/1.1" 101 4
[21/Apr/2026:21:17:35 +0800] 0:0:0:0:0:0:0:1 "GET /ws HTTP/1.1" 101 3
[21/Apr/2026:21:17:35 +0800] 0:0:0:0:0:0:0:1 "OPTIONS /consultants?_t=1776777455438 HTTP/1.1" 200 2
[21/Apr/2026:21:17:35 +0800] 0:0:0:0:0:0:0:1 "OPTIONS /shift-config/all?_t=1776777455438 HTTP/1.1" 200 1
[21/Apr/2026:21:17:35 +0800] 0:0:0:0:0:0:0:1 "OPTIONS /consultants?_t=1776777455438 HTTP/1.1" 200 1
[21/Apr/2026:21:17:35 +0800] 0:0:0:0:0:0:0:1 "OPTIONS /shift-config/type-options?_t=1776777455438 HTTP/1.1" 200 1
[21/Apr/2026:21:17:35 +0800] 0:0:0:0:0:0:0:1 "OPTIONS /shift-config/type-options?_t=1776777455438 HTTP/1.1" 200 1
[21/Apr/2026:21:17:35 +0800] 0:0:0:0:0:0:0:1 "OPTIONS /shift-config/all?_t=1776777455438 HTTP/1.1" 200 1
[21/Apr/2026:21:17:35 +0800] 0:0:0:0:0:0:0:1 "OPTIONS /complement?_t=1776777455438 HTTP/1.1" 200 3
[21/Apr/2026:21:17:35 +0800] 0:0:0:0:0:0:0:1 "GET /shift-config/type-options?_t=1776777455438 HTTP/1.1" 200 4
[21/Apr/2026:21:17:35 +0800] 0:0:0:0:0:0:0:1 "GET /complement?_t=1776777455438 HTTP/1.1" 200 4
[21/Apr/2026:21:17:35 +0800] 0:0:0:0:0:0:0:1 "GET /consultants?_t=1776777455438 HTTP/1.1" 200 7
[21/Apr/2026:21:17:35 +0800] 0:0:0:0:0:0:0:1 "GET /shift-config/type-options?_t=1776777455438 HTTP/1.1" 200 2
[21/Apr/2026:21:17:35 +0800] 0:0:0:0:0:0:0:1 "GET /shift-config/all?_t=1776777455438 HTTP/1.1" 200 12
[21/Apr/2026:21:17:35 +0800] 0:0:0:0:0:0:0:1 "GET /consultants?_t=1776777455438 HTTP/1.1" 200 4
[21/Apr/2026:21:17:35 +0800] 0:0:0:0:0:0:0:1 "GET /shift-config/all?_t=1776777455438 HTTP/1.1" 200 10
[21/Apr/2026:21:17:37 +0800] 0:0:0:0:0:0:0:1 "GET /ws HTTP/1.1" 101 2
